This is TeX, Version 3.14159 (Web2C 7.4.5) (format=latex 2003.3.8)  10 MAR 2005 11:34
**./images.tex
(./images.tex
LaTeX2e <2001/06/01>
Babel <v3.7h> and hyphenation patterns for american, french, german, ngerman, n
ohyphenation, loaded.

(/usr/share/texmf/tex/latex/base/book.cls
Document Class: book 2001/04/21 v1.4e Standard LaTeX document class
(/usr/share/texmf/tex/latex/base/bk10.clo
File: bk10.clo 2001/04/21 v1.4e Standard LaTeX file (size option)
)
\c@part=\count79
\c@chapter=\count80
\c@section=\count81
\c@subsection=\count82
\c@subsubsection=\count83
\c@paragraph=\count84
\c@subparagraph=\count85
\c@figure=\count86
\c@table=\count87
\abovecaptionskip=\skip41
\belowcaptionskip=\skip42
\bibindent=\dimen102
) (/usr/share/texmf/tex/latex/base/ifthen.sty
Package: ifthen 2001/05/26 v1.1c Standard LaTeX ifthen package (DPC)
) (/usr/share/texmf/tex/generic/babel/babel.sty
Package: babel 2001/03/01 v3.7h The Babel package
(/usr/share/texmf/tex/generic/babel/spanish.ldf
Language: spanish.ldf 2001/01/30 v4.1c Spanish support from the babel system
(/usr/share/texmf/tex/generic/babel/babel.def
File: babel.def 2001/03/01 v3.7h Babel common definitions
\babel@savecnt=\count88
\U@D=\dimen103
)

Package babel Warning: No hyphenation patterns were loaded for
(babel)                the language `Spanish'
(babel)                I will use the patterns loaded for \language=0 instead.

\l@spanish = a dialect from \language0
\es@quottoks=\toks14
\es@quotdepth=\count89
Package babel Info: Making . an active character on input line 464.
Package babel Info: Making " an active character on input line 495.
Package babel Info: Making < an active character on input line 581.
Package babel Info: Making > an active character on input line 582.
)) (/usr/share/texmf/tex/latex/graphics/graphics.sty
Package: graphics 2001/07/07 v1.0n Standard LaTeX Graphics (DPC,SPQR)
(/usr/share/texmf/tex/latex/graphics/trig.sty
Package: trig 1999/03/16 v1.09 sin cos tan (DPC)
) (/usr/share/texmf/tex/latex/config/graphics.cfg
File: graphics.cfg 2001/08/31 v1.1 graphics configuration of teTeX/TeXLive
)
Package graphics Info: Driver file: dvips.def on input line 80.
(/usr/share/texmf/tex/latex/graphics/dvips.def
File: dvips.def 1999/02/16 v3.0i Driver-dependant file (DPC,SPQR)
)) (/usr/share/texmf/tex/latex/graphics/color.sty
Package: color 1999/02/16 v1.0i Standard LaTeX Color (DPC)
(/usr/share/texmf/tex/latex/config/color.cfg
File: color.cfg 2001/08/31 v1.1 color configuration of teTeX/TeXLive
)
Package color Info: Driver file: dvips.def on input line 125.
(/usr/share/texmf/tex/latex/graphics/dvipsnam.def
File: dvipsnam.def 1999/02/16 v3.0i Driver-dependant file (DPC,SPQR)
)) (/usr/share/texmf/tex/latex/base/inputenc.sty
Package: inputenc 2001/07/10 v0.99a Input encoding file 
(/usr/share/texmf/tex/latex/base/latin1.def
File: latin1.def 2001/07/10 v0.99a Input encoding file 
))
\sizebox=\box26
\lthtmlwrite=\write3
(./images.aux)
\openout1 = `images.aux'.

LaTeX Font Info:    Checking defaults for OML/cmm/m/it on input line 118.
LaTeX Font Info:    ... okay on input line 118.
LaTeX Font Info:    Checking defaults for T1/cmr/m/n on input line 118.
LaTeX Font Info:    ... okay on input line 118.
LaTeX Font Info:    Checking defaults for OT1/cmr/m/n on input line 118.
LaTeX Font Info:    ... okay on input line 118.
LaTeX Font Info:    Checking defaults for OMS/cmsy/m/n on input line 118.
LaTeX Font Info:    ... okay on input line 118.
LaTeX Font Info:    Checking defaults for OMX/cmex/m/n on input line 118.
LaTeX Font Info:    ... okay on input line 118.
LaTeX Font Info:    Checking defaults for U/cmr/m/n on input line 118.
LaTeX Font Info:    ... okay on input line 118.

latex2htmlLength hsize=349.0pt

latex2htmlLength vsize=627.36243pt

latex2htmlLength hoffset=0.0pt

latex2htmlLength voffset=0.0pt

latex2htmlLength topmargin=0.0pt

latex2htmlLength topskip=0.00003pt

latex2htmlLength headheight=0.0pt

latex2htmlLength headsep=0.0pt

latex2htmlLength parskip=0.0pt plus 1.0pt

latex2htmlLength oddsidemargin=35.0pt

latex2htmlLength evensidemargin=89.0pt

LaTeX Font Info:    External font `cmex10' loaded for size
(Font)              <7> on input line 142.
LaTeX Font Info:    External font `cmex10' loaded for size
(Font)              <5> on input line 142.
l2hSize :tex2html_wrap_inline3462:9.00005pt::9.00005pt::98.22678pt.
[1



]
l2hSize :tex2html_wrap_inline3465:8.64003pt::8.64003pt::51.00453pt.
[2


]
l2hSize :tex2html_wrap_inline3467:9.63329pt::9.63329pt::80.72903pt.
[3


]
l2hSize :tex2html_wrap_inline1335:8.01782pt::8.01782pt::60.51617pt.
[4


]
l2hSize :displaymath1023:14.5pt::0.0pt::349.0pt.
[5


]
l2hSize :displaymath1024:14.5pt::0.0pt::349.0pt.
[6


]
l2hSize :tex2html_wrap_inline1337:8.0pt::8.0pt::45.6703pt.
[7


]
l2hSize :displaymath1025:24.62459pt::0.0pt::349.0pt.
[8


]
l2hSize :displaymath1026:24.62459pt::0.0pt::349.0pt.
[9


]
l2hSize :displaymath1027:14.5pt::0.0pt::349.0pt.
[10


]
l2hSize :tex2html_wrap_inline1341:8.0pt::8.0pt::68.4179pt.
[11


]
l2hSize :displaymath1028:25.26462pt::0.0pt::349.0pt.
[12


]
l2hSize :displaymath1029:14.5pt::0.0pt::349.0pt.
[13


]
l2hSize :displaymath1030:26.20392pt::0.0pt::349.0pt.
[14


]
l2hSize :tex2html_wrap_inline1345:8.0pt::8.0pt::45.13426pt.
[15


]
l2hSize :tex2html_wrap_inline1347:7.44444pt::7.44444pt::30.67474pt.
[16


]
l2hSize :tex2html_wrap_inline1351:7.44444pt::7.44444pt::30.40007pt.
[17


]
l2hSize :tex2html_wrap_inline1353:6.95831pt::6.95831pt::35.93863pt.
[18


]
l2hSize :tex2html_wrap_inline1355:6.45831pt::0.0pt::23.16083pt.
[19


]
l2hSize :displaymath1031:24.70906pt::0.0pt::349.0pt.
[20


]
l2hSize :tex2html_wrap_inline1357:8.0pt::8.0pt::22.72227pt.
[21


]
l2hSize :displaymath1032:20.80396pt::0.0pt::349.0pt.
[22


]
l2hSize :displaymath1033:15.50006pt::0.0pt::349.0pt.
[23


]
l2hSize :displaymath1034:15.50006pt::0.0pt::349.0pt.
[24


]
l2hSize :tex2html_wrap_inline1361:6.45831pt::0.0pt::28.16084pt.
[25


]
l2hSize :displaymath1035:15.50006pt::0.0pt::349.0pt.
[26


]
l2hSize :figure42:8.88889pt::0.0pt::349.0pt.
[27


]
l2hSize :displaymath1036:24.70906pt::0.0pt::349.0pt.
[28


]
l2hSize :tex2html_wrap_inline1369:6.95831pt::6.95831pt::30.5347pt.
[29


]
l2hSize :displaymath1037:22.76462pt::0.0pt::349.0pt.
[30


]
l2hSize :displaymath1038:13.94444pt::0.0pt::349.0pt.
[31


]
l2hSize :displaymath1039:22.76462pt::0.0pt::349.0pt.
[32


]
l2hSize :displaymath1040:21.56903pt::0.0pt::349.0pt.
[33


]
l2hSize :displaymath1041:22.76462pt::0.0pt::349.0pt.
[34


]
l2hSize :displaymath1042:22.76462pt::0.0pt::349.0pt.
[35


]
l2hSize :tex2html_wrap_inline1377:9.37222pt::9.37222pt::88.7726pt.
[36


]
l2hSize :tex2html_wrap_inline1379:6.45831pt::0.0pt::6.50238pt.
[37


]
l2hSize :displaymath1043:14.5pt::0.0pt::349.0pt.
[38


]
l2hSize :tex2html_wrap_inline1381:6.95831pt::6.95831pt::22.44438pt.
[39


]
l2hSize :tex2html_wrap_inline1383:8.0pt::8.0pt::44.47816pt.
[40


]
l2hSize :tex2html_wrap_inline1385:8.94843pt::8.94843pt::66.95445pt.
[41


]
l2hSize :tex2html_wrap_inline1387:8.94843pt::8.94843pt::6.88615pt.
[42


]
l2hSize :tex2html_wrap_inline1389:8.0pt::8.0pt::54.59558pt.
[43


]
l2hSize :tex2html_wrap_inline1391:11.20108pt::11.20108pt::68.30174pt.
[44


]
l2hSize :tex2html_wrap_inline1393:8.0pt::8.0pt::64.37111pt.
[45


]
l2hSize :tex2html_wrap_inline1395:8.64003pt::8.64003pt::75.17586pt.
[46


]
l2hSize :tex2html_wrap_inline1397:8.0pt::8.0pt::53.98146pt.
[47


]
l2hSize :tex2html_wrap_inline1399:8.64003pt::8.64003pt::103.37488pt.
[48


]
l2hSize :tex2html_wrap_inline1401:8.01782pt::8.01782pt::51.07175pt.
[49


]
l2hSize :tex2html_wrap_inline1403:8.0pt::8.0pt::29.67137pt.
[50


]
l2hSize :displaymath1044:14.5pt::0.0pt::349.0pt.
[51


]
l2hSize :tex2html_wrap_inline1405:8.0pt::8.0pt::34.49077pt.
[52


]
l2hSize :tex2html_wrap_inline1407:8.0pt::8.0pt::32.82408pt.
[53


]
l2hSize :displaymath1045:14.5pt::0.0pt::349.0pt.
[54


]
l2hSize :displaymath1046:14.5pt::0.0pt::349.0pt.
[55


]
l2hSize :displaymath1047:21.56903pt::0.0pt::349.0pt.
[56


]
l2hSize :displaymath1048:24.06903pt::0.0pt::349.0pt.
[57


]
l2hSize :displaymath1049:15.50006pt::0.0pt::349.0pt.
[58


]
l2hSize :tex2html_wrap_inline1413:8.64003pt::8.64003pt::79.99525pt.
[59


]
l2hSize :tex2html_wrap_inline1415:8.0pt::8.0pt::57.13417pt.
[60


]
l2hSize :displaymath1050:26.13895pt::0.0pt::349.0pt.
[61


]
l2hSize :displaymath1051:49.10042pt::0.0pt::349.0pt.
[62


]
l2hSize :displaymath1052:21.90236pt::0.0pt::349.0pt.
[63


]
l2hSize :tex2html_wrap_inline1417:6.45831pt::0.0pt::6.2153pt.
[64


]
l2hSize :tex2html_wrap_inline1419:6.95831pt::6.95831pt::5.76163pt.
[65


]
l2hSize :displaymath1053:21.3985pt::0.0pt::349.0pt.
[66


]
l2hSize :tex2html_wrap_inline1421:6.45831pt::0.0pt::24.54854pt.
[67


]
l2hSize :displaymath1055:24.62459pt::0.0pt::349.0pt.
[68


]
l2hSize :displaymath1056:14.3341pt::0.0pt::349.0pt.
[69


]
l2hSize :displaymath1057:25.4002pt::0.0pt::349.0pt.
[70


]
l2hSize :displaymath1058:24.00941pt::0.0pt::349.0pt.
[71


]
l2hSize :displaymath1059:14.5pt::0.0pt::349.0pt.
[72


]
l2hSize :displaymath1060:25.10008pt::0.0pt::349.0pt.
[73


]
l2hSize :tex2html_wrap_inline1431:9.63329pt::9.63329pt::41.98152pt.
[74


]
l2hSize :tex2html_wrap_inline1435:10.67732pt::10.67732pt::94.5363pt.
[75


]
l2hSize :tex2html_wrap_inline1437:8.0pt::8.0pt::80.79932pt.
[76


]
l2hSize :tex2html_wrap_inline1439:8.99994pt::8.99994pt::95.08661pt.
[77


]
l2hSize :tex2html_wrap_inline1441:8.64003pt::8.64003pt::103.37488pt.
[78


]
l2hSize :tex2html_wrap_inline1443:13.59998pt::13.59998pt::72.04942pt.
[79


]
l2hSize :tex2html_wrap_inline1445:8.0pt::8.0pt::115.59581pt.
[80


]
l2hSize :tex2html_wrap_inline1447:11.20108pt::11.20108pt::47.19756pt.
[81


]
l2hSize :tex2html_wrap_inline1449:9.00005pt::9.00005pt::57.0354pt.
[82


]
l2hSize :tex2html_wrap_inline1451:9.00005pt::9.00005pt::110.64803pt.
[83


]
l2hSize :tex2html_wrap_inline1453:8.29439pt::8.29439pt::221.90459pt.
[84


]
l2hSize :tex2html_wrap_inline1455:12.00008pt::12.00008pt::131.42337pt.
[85


]
l2hSize :tex2html_wrap_inline1457:9.00005pt::9.00005pt::128.84702pt.
[86


]
l2hSize :tex2html_wrap_inline1461:9.37222pt::9.37222pt::80.42506pt.
[87


]
l2hSize :tex2html_wrap_inline1463:7.44444pt::7.44444pt::6.47229pt.
[88


]
l2hSize :tex2html_wrap_inline1469:9.37222pt::9.37222pt::101.59209pt.
[89


]
l2hSize :displaymath1061:23.51347pt::0.0pt::349.0pt.
[90


]
l2hSize :tex2html_wrap_inline1471:8.64003pt::8.64003pt::118.5763pt.
[91


]
l2hSize :displaymath1062:15.50006pt::0.0pt::349.0pt.
[92


]
l2hSize :tex2html_wrap_inline1477:9.37222pt::9.37222pt::94.46701pt.
[93


]
l2hSize :tex2html_wrap_inline1479:6.83331pt::0.0pt::8.31949pt.
[94


]
l2hSize :tex2html_wrap_inline1487:7.44444pt::7.44444pt::35.95833pt.
[95


]
l2hSize :tex2html_wrap_inline1491:9.93414pt::9.93414pt::129.19106pt.
[96


]
l2hSize :tex2html_wrap_inline1493:8.64003pt::8.64003pt::80.43745pt.
[97


]
l2hSize :tex2html_wrap_inline1503:6.83331pt::0.0pt::8.41806pt.
[98


]
l2hSize :tex2html_wrap_inline1505:6.95831pt::6.95831pt::11.4769pt.
[99


]
l2hSize :displaymath1063:14.5pt::0.0pt::349.0pt.
[100


]
l2hSize :displaymath1064:23.51347pt::0.0pt::349.0pt.
[101


]
l2hSize :displaymath1065:15.50006pt::0.0pt::349.0pt.
[102


]
l2hSize :displaymath1066:14.5pt::0.0pt::349.0pt.
[103


]
l2hSize :displaymath1067:23.51347pt::0.0pt::349.0pt.
[104


]
l2hSize :displaymath1068:28.0539pt::0.0pt::349.0pt.
[105


]
l2hSize :displaymath1069:21.56903pt::0.0pt::349.0pt.
[106


]
l2hSize :tex2html_wrap_inline1525:9.82217pt::9.82217pt::12.28514pt.
[107


]
l2hSize :displaymath1070:14.5pt::0.0pt::349.0pt.
[108


]
l2hSize :tex2html_wrap_inline1527:8.64003pt::8.64003pt::135.12599pt.
[109


]
l2hSize :tex2html_wrap_inline1539:8.0pt::8.0pt::47.33215pt.
[110


]
l2hSize :tex2html_wrap_inline1543:9.93414pt::9.93414pt::131.52434pt.
[111


]
l2hSize :displaymath1074:14.86108pt::0.0pt::349.0pt.
[112


]
l2hSize :tex2html_wrap_inline1553:8.0pt::8.0pt::31.51857pt.
[113


]
l2hSize :tex2html_wrap_inline1555:8.0pt::8.0pt::80.95366pt.
[114


]
l2hSize :tex2html_wrap_inline1557:8.0pt::8.0pt::79.05899pt.
[115


]
l2hSize :displaymath1075:25.92221pt::0.0pt::349.0pt.
[116


]
l2hSize :displaymath1076:15.50006pt::0.0pt::349.0pt.
[117


]
l2hSize :tex2html_wrap_inline1559:8.64003pt::8.64003pt::93.73251pt.
[118


]
l2hSize :tex2html_wrap_inline1563:9.93414pt::9.93414pt::204.67944pt.
[119


]
! Missing $ inserted.
<inserted text> 
                $
l.996 
      
I've inserted a begin-math/end-math symbol since I think
you left one out. Proceed, with fingers crossed.

! Display math should end with $$.
<to be read again> 
                   \par 
l.996 
      
The `$' that I just saw supposedly matches a previous `$$'.
So I shall assume that you typed `$$' both times.


! LaTeX Error: Bad math environment delimiter.

See the LaTeX manual or LaTeX Companion for explanation.
Type  H <return>  for immediate help.
 ...                                              
                                                  
l.997 \end{displaymath}
                       %
Your command was ignored.
Type  I <command> <return>  to replace it with another command,
or  <return>  to continue without it.

l2hSize :displaymath235:25.00023pt::0.0pt::349.0pt.
[120


]
l2hSize :displaymath1077:26.65639pt::0.0pt::349.0pt.
[121


]
l2hSize :displaymath1078:18.85951pt::0.0pt::349.0pt.
[122


]
l2hSize :tex2html_wrap_inline1571:6.45831pt::0.0pt::4.82759pt.
[123


]
l2hSize :tex2html_wrap_inline1577:6.94444pt::0.0pt::6.02087pt.
[124


]
! Missing $ inserted.
<inserted text> 
                $
l.1036 
       
I've inserted a begin-math/end-math symbol since I think
you left one out. Proceed, with fingers crossed.

! Display math should end with $$.
<to be read again> 
                   \par 
l.1036 
       
The `$' that I just saw supposedly matches a previous `$$'.
So I shall assume that you typed `$$' both times.


! LaTeX Error: Bad math environment delimiter.

See the LaTeX manual or LaTeX Companion for explanation.
Type  H <return>  for immediate help.
 ...                                              
                                                  
l.1038 \end{displaymath}
                        %
Your command was ignored.
Type  I <command> <return>  to replace it with another command,
or  <return>  to continue without it.

l2hSize :displaymath258:15.50006pt::0.0pt::349.0pt.
[125


]
l2hSize :displaymath1079:38.60793pt::0.0pt::349.0pt.
[126


]
l2hSize :displaymath1080:21.06903pt::0.0pt::349.0pt.
[127


]
l2hSize :tex2html_wrap_inline1579:8.0pt::8.0pt::162.75421pt.
[128


]
l2hSize :tex2html_wrap_inline1581:9.00005pt::9.00005pt::115.90962pt.
[129


]
l2hSize :tex2html_wrap_inline1583:9.00005pt::9.00005pt::176.34242pt.
[130


]
l2hSize :tex2html_wrap_inline1585:12.00008pt::12.00008pt::183.31778pt.
[131


]
l2hSize :tex2html_wrap_inline1589:9.00005pt::9.00005pt::202.63412pt.
[132


]
l2hSize :tex2html_wrap_inline1591:9.00005pt::9.00005pt::240.18045pt.
[133


]
l2hSize :tex2html_wrap_inline1593:9.00005pt::9.00005pt::198.4574pt.
[134


]
l2hSize :displaymath1081:25.00023pt::0.0pt::349.0pt.
[135


]
l2hSize :displaymath1082:25.94394pt::0.0pt::349.0pt.
[136


]
! Missing $ inserted.
<inserted text> 
                $
l.1126 
       
I've inserted a begin-math/end-math symbol since I think
you left one out. Proceed, with fingers crossed.

! Display math should end with $$.
<to be read again> 
                   \par 
l.1126 
       
The `$' that I just saw supposedly matches a previous `$$'.
So I shall assume that you typed `$$' both times.


! LaTeX Error: Bad math environment delimiter.

See the LaTeX manual or LaTeX Companion for explanation.
Type  H <return>  for immediate help.
 ...                                              
                                                  
l.1127 \end{displaymath}
                        %
Your command was ignored.
Type  I <command> <return>  to replace it with another command,
or  <return>  to continue without it.

l2hSize :displaymath289:25.00023pt::0.0pt::349.0pt.
[137


]
l2hSize :displaymath1083:23.51347pt::0.0pt::349.0pt.
[138


]
l2hSize :tex2html_wrap_inline1599:8.14003pt::0.0pt::10.70143pt.
[139


]
! Missing $ inserted.
<inserted text> 
                $
l.1149 
       
I've inserted a begin-math/end-math symbol since I think
you left one out. Proceed, with fingers crossed.

! Display math should end with $$.
<to be read again> 
                   \par 
l.1149 
       
The `$' that I just saw supposedly matches a previous `$$'.
So I shall assume that you typed `$$' both times.


! LaTeX Error: Bad math environment delimiter.

See the LaTeX manual or LaTeX Companion for explanation.
Type  H <return>  for immediate help.
 ...                                              
                                                  
l.1150 \end{displaymath}
                        %
Your command was ignored.
Type  I <command> <return>  to replace it with another command,
or  <return>  to continue without it.

l2hSize :displaymath303:15.50006pt::0.0pt::349.0pt.
[140


]
l2hSize :tex2html_wrap_inline1601:8.94843pt::8.94843pt::11.33759pt.
[141


]
l2hSize :tex2html_wrap_inline1603:8.0pt::8.0pt::29.7246pt.
[142


]
l2hSize :displaymath1085:14.5pt::0.0pt::349.0pt.
[143


]
l2hSize :tex2html_wrap_inline1611:8.64003pt::8.64003pt::53.25922pt.
[144


]
l2hSize :displaymath1086:25.40523pt::0.0pt::349.0pt.
[145


]
l2hSize :displaymath1087:15.50006pt::0.0pt::349.0pt.
[146


]
l2hSize :displaymath1088:23.51347pt::0.0pt::349.0pt.
[147


]
l2hSize :tex2html_wrap_inline1615:8.64003pt::8.64003pt::75.28122pt.
[148


]
l2hSize :displaymath1089:24.06903pt::0.0pt::349.0pt.
[149


]
! Missing $ inserted.
<inserted text> 
                $
l.1222 
       
I've inserted a begin-math/end-math symbol since I think
you left one out. Proceed, with fingers crossed.

! Display math should end with $$.
<to be read again> 
                   \par 
l.1222 
       
The `$' that I just saw supposedly matches a previous `$$'.
So I shall assume that you typed `$$' both times.


! LaTeX Error: Bad math environment delimiter.

See the LaTeX manual or LaTeX Companion for explanation.
Type  H <return>  for immediate help.
 ...                                              
                                                  
l.1223 \end{displaymath}
                        %
Your command was ignored.
Type  I <command> <return>  to replace it with another command,
or  <return>  to continue without it.

l2hSize :displaymath333:25.00023pt::0.0pt::349.0pt.
[150


]
l2hSize :tex2html_wrap_inline1619:6.95831pt::6.95831pt::6.52551pt.
[151


]
l2hSize :tex2html_wrap_inline1623:8.0pt::8.0pt::39.37729pt.
[152


]
l2hSize :displaymath1090:31.00801pt::0.0pt::349.0pt.
[153


]
! Missing $ inserted.
<inserted text> 
                $
l.1251 
       
I've inserted a begin-math/end-math symbol since I think
you left one out. Proceed, with fingers crossed.

! Display math should end with $$.
<to be read again> 
                   \par 
l.1251 
       
The `$' that I just saw supposedly matches a previous `$$'.
So I shall assume that you typed `$$' both times.


! LaTeX Error: Bad math environment delimiter.

See the LaTeX manual or LaTeX Companion for explanation.
Type  H <return>  for immediate help.
 ...                                              
                                                  
l.1252 \end{displaymath}
                        %
Your command was ignored.
Type  I <command> <return>  to replace it with another command,
or  <return>  to continue without it.

l2hSize :displaymath355:31.00801pt::0.0pt::349.0pt.
[154


]
l2hSize :displaymath1091:31.00801pt::0.0pt::349.0pt.
[155


]
! Missing $ inserted.
<inserted text> 
                $
l.1268 
       
I've inserted a begin-math/end-math symbol since I think
you left one out. Proceed, with fingers crossed.

! Display math should end with $$.
<to be read again> 
                   \par 
l.1268 
       
The `$' that I just saw supposedly matches a previous `$$'.
So I shall assume that you typed `$$' both times.


! LaTeX Error: Bad math environment delimiter.

See the LaTeX manual or LaTeX Companion for explanation.
Type  H <return>  for immediate help.
 ...                                              
                                                  
l.1269 \end{displaymath}
                        %
Your command was ignored.
Type  I <command> <return>  to replace it with another command,
or  <return>  to continue without it.

l2hSize :displaymath375:31.00801pt::0.0pt::349.0pt.
[156


]
l2hSize :displaymath1092:25.36737pt::0.0pt::349.0pt.
[157


]
l2hSize :displaymath1093:31.00801pt::0.0pt::349.0pt.
[158


]
l2hSize :displaymath1094:25.36737pt::0.0pt::349.0pt.
[159


]
l2hSize :displaymath1095:31.00801pt::0.0pt::349.0pt.
[160


]
l2hSize :displaymath1096:15.50006pt::0.0pt::349.0pt.
[161


]
l2hSize :tex2html_wrap_inline1633:8.64003pt::8.64003pt::84.4791pt.
[162


]
l2hSize :tex2html_wrap_inline1635:8.64003pt::8.64003pt::46.60869pt.
[163


]
l2hSize :displaymath1097:21.56903pt::0.0pt::349.0pt.
[164


]
l2hSize :displaymath1098:23.51347pt::0.0pt::349.0pt.
[165


]
l2hSize :displaymath1099:25.00023pt::0.0pt::349.0pt.
[166


]
l2hSize :displaymath1100:31.00801pt::0.0pt::349.0pt.
[167


]
l2hSize :tex2html_wrap_inline1643:8.64003pt::8.64003pt::90.77075pt.
[168


]
l2hSize :tex2html_wrap_inline1645:8.64003pt::8.64003pt::107.04147pt.
[169


]
l2hSize :displaymath1101:23.51347pt::0.0pt::349.0pt.
[170


]
l2hSize :tex2html_wrap_inline1647:6.95831pt::6.95831pt::24.94904pt.
[171


]
l2hSize :tex2html_wrap_inline1649:8.64003pt::8.64003pt::70.74295pt.
[172


]
Overfull \hbox (7.38626pt too wide) detected at line 1393
[] \OML/cmm/m/it/10 dx \OT1/cmr/m/n/10 + [] \OML/cmm/m/it/10 dy \OT1/cmr/m/n/10
 = 0
 []

l2hSize :displaymath1102:15.50006pt::0.0pt::349.0pt.
[173


]
l2hSize :displaymath1103:13.94444pt::0.0pt::349.0pt.
[174


]
l2hSize :displaymath1104:15.50006pt::0.0pt::349.0pt.
[175


]
l2hSize :displaymath1105:23.51347pt::0.0pt::349.0pt.
[176


]
l2hSize :displaymath1106:27.86737pt::0.0pt::349.0pt.
[177


]
l2hSize :displaymath1107:23.01347pt::0.0pt::349.0pt.
[178


]
l2hSize :displaymath1108:25.00023pt::0.0pt::349.0pt.
[179


]
l2hSize :displaymath1109:24.70906pt::0.0pt::349.0pt.
[180


]
l2hSize :tex2html_wrap_inline1657:6.95831pt::6.95831pt::5.53128pt.
[181


]
l2hSize :tex2html_wrap_inline1659:6.95831pt::6.95831pt::5.32294pt.
[182


]
l2hSize :tex2html_wrap_inline1661:8.0pt::8.0pt::63.07336pt.
[183


]
! Missing $ inserted.
<inserted text> 
                $
l.1478 
       
I've inserted a begin-math/end-math symbol since I think
you left one out. Proceed, with fingers crossed.

! Display math should end with $$.
<to be read again> 
                   \par 
l.1478 
       
The `$' that I just saw supposedly matches a previous `$$'.
So I shall assume that you typed `$$' both times.


! LaTeX Error: Bad math environment delimiter.

See the LaTeX manual or LaTeX Companion for explanation.
Type  H <return>  for immediate help.
 ...                                              
                                                  
l.1479 \end{displaymath}
                        %
Your command was ignored.
Type  I <command> <return>  to replace it with another command,
or  <return>  to continue without it.

l2hSize :displaymath475:15.50006pt::0.0pt::349.0pt.
[184


]
l2hSize :displaymath1110:15.50006pt::0.0pt::349.0pt.
[185


]
l2hSize :displaymath1111:14.5pt::0.0pt::349.0pt.
[186


]
l2hSize :displaymath1112:25.00023pt::0.0pt::349.0pt.
[187


]
l2hSize :displaymath1113:25.00023pt::0.0pt::349.0pt.
[188


]
l2hSize :tex2html_wrap_inline1665:6.95831pt::6.95831pt::23.86452pt.
[189


]
l2hSize :tex2html_wrap_inline1667:6.95831pt::6.95831pt::23.65617pt.
[190


]
l2hSize :tex2html_wrap_inline1669:8.64003pt::8.64003pt::58.52081pt.
[191


]
l2hSize :displaymath1114:13.94444pt::0.0pt::349.0pt.
[192


]
l2hSize :tex2html_wrap_inline1671:12.00008pt::12.00008pt::173.39345pt.
[193


]
l2hSize :tex2html_wrap_inline1673:9.00005pt::9.00005pt::140.19424pt.
[194


]
l2hSize :tex2html_wrap_inline1675:9.00005pt::9.00005pt::111.4235pt.
[195


]
l2hSize :tex2html_wrap_inline1677:9.00005pt::9.00005pt::114.61316pt.
[196


]
l2hSize :tex2html_wrap_inline1679:7.1428pt::7.1428pt::24.51634pt.
[197


]
l2hSize :tex2html_wrap_inline1681:9.00005pt::9.00005pt::160.45589pt.
[198


]
l2hSize :tex2html_wrap_inline1683:12.00008pt::12.00008pt::153.05486pt.
[199


]
l2hSize :tex2html_wrap_inline1685:12.00008pt::12.00008pt::104.80566pt.
[200


]
l2hSize :displaymath1115:14.5pt::0.0pt::349.0pt.
[201


]
l2hSize :displaymath1117:24.70906pt::0.0pt::349.0pt.
[202


]
l2hSize :tex2html_wrap_inline1687:7.1428pt::7.1428pt::35.34375pt.
[203


]
l2hSize :displaymath1118:21.56903pt::0.0pt::349.0pt.
[204


]
l2hSize :tex2html_wrap_inline1691:8.0pt::8.0pt::21.80214pt.
[205


]
l2hSize :tex2html_wrap_inline1693:8.0pt::8.0pt::21.89865pt.
[206


]
l2hSize :displaymath1119:14.5pt::0.0pt::349.0pt.
[207


]
l2hSize :tex2html_wrap_inline1697:8.0pt::8.0pt::22.60828pt.
[208


]
l2hSize :tex2html_wrap_inline1699:8.0pt::8.0pt::43.05556pt.
[209


]
l2hSize :tex2html_wrap_inline1701:6.45831pt::0.0pt::24.83562pt.
[210


]
l2hSize :displaymath1120:14.5pt::0.0pt::349.0pt.
[211


]
l2hSize :tex2html_wrap_inline1703:8.0pt::8.0pt::23.76512pt.
[212


]
l2hSize :displaymath1121:24.62459pt::0.0pt::349.0pt.
[213


]
l2hSize :displaymath1122:14.5pt::0.0pt::349.0pt.
[214


]
l2hSize :tex2html_wrap_inline1705:10.59998pt::10.59998pt::56.5606pt.
[215


]
l2hSize :tex2html_wrap_inline1707:10.59998pt::10.59998pt::56.6571pt.
[216


]
l2hSize :displaymath1123:25.00023pt::0.0pt::349.0pt.
[217


]
l2hSize :displaymath1124:14.5pt::0.0pt::349.0pt.
[218


]
l2hSize :tex2html_wrap_inline1709:12.1876pt::0.0pt::39.33878pt.
[219


]
l2hSize :displaymath1125:21.56903pt::0.0pt::349.0pt.
[220


]
l2hSize :displaymath1126:30.44714pt::0.0pt::349.0pt.
[221


]
l2hSize :displaymath1127:23.22246pt::0.0pt::349.0pt.
[222


]
l2hSize :displaymath1128:21.56903pt::0.0pt::349.0pt.
[223


]
l2hSize :displaymath1129:21.56903pt::0.0pt::349.0pt.
[224


]
l2hSize :displaymath1130:21.06903pt::0.0pt::349.0pt.
[225


]
l2hSize :displaymath1131:23.22246pt::0.0pt::349.0pt.
[226


]
l2hSize :tex2html_wrap_inline1713:8.64003pt::8.64003pt::97.85287pt.
[227


]
! Missing $ inserted.
<inserted text> 
                $
l.1800 
       
I've inserted a begin-math/end-math symbol since I think
you left one out. Proceed, with fingers crossed.

! Display math should end with $$.
<to be read again> 
                   \par 
l.1800 
       
The `$' that I just saw supposedly matches a previous `$$'.
So I shall assume that you typed `$$' both times.


! LaTeX Error: Bad math environment delimiter.

See the LaTeX manual or LaTeX Companion for explanation.
Type  H <return>  for immediate help.
 ...                                              
                                                  
l.1801 \end{displaymath}
                        %
Your command was ignored.
Type  I <command> <return>  to replace it with another command,
or  <return>  to continue without it.

l2hSize :displaymath573:15.50006pt::0.0pt::349.0pt.
[228


]
l2hSize :displaymath1132:23.51347pt::0.0pt::349.0pt.
[229


]
l2hSize :tex2html_wrap_inline1717:6.83331pt::0.0pt::8.30907pt.
[230


]
l2hSize :displaymath1133:21.06903pt::0.0pt::349.0pt.
[231


]
l2hSize :displaymath1134:18.85951pt::0.0pt::349.0pt.
[232


]
l2hSize :tex2html_wrap_inline1723:8.0pt::8.0pt::42.07008pt.
[233


]
l2hSize :displaymath1135:14.5pt::0.0pt::349.0pt.
[234


]
l2hSize :tex2html_wrap_inline1729:8.0pt::8.0pt::45.40515pt.
[235


]
l2hSize :displaymath1136:24.08685pt::0.0pt::349.0pt.
[236


]
l2hSize :displaymath1137:37.0pt::0.0pt::349.0pt.
[237


]
l2hSize :tex2html_wrap_inline1731:9.00005pt::9.00005pt::152.87006pt.
[238


]
l2hSize :tex2html_wrap_inline1733:9.00005pt::9.00005pt::87.88887pt.
[239


]
l2hSize :tex2html_wrap_inline1735:10.78847pt::10.78847pt::72.87517pt.
[240


]
l2hSize :tex2html_wrap_inline1737:9.29842pt::9.29842pt::100.02132pt.
[241


]
l2hSize :tex2html_wrap_inline1739:8.0pt::8.0pt::204.80101pt.
[242


]
l2hSize :tex2html_wrap_inline1741:8.46227pt::8.46227pt::129.28229pt.
[243


]
l2hSize :tex2html_wrap_inline1743:8.46227pt::8.46227pt::71.26614pt.
[244


]
l2hSize :tex2html_wrap_inline1745:8.0pt::8.0pt::36.87268pt.
[245


]
l2hSize :displaymath1138:21.56903pt::0.0pt::349.0pt.
[246


]
l2hSize :tex2html_wrap_inline1747:8.0pt::8.0pt::49.99445pt.
[247


]
l2hSize :displaymath1139:21.56903pt::0.0pt::349.0pt.
[248


]
l2hSize :tex2html_wrap_inline1753:8.0pt::8.0pt::20.07756pt.
[249


]
l2hSize :tex2html_wrap_inline1757:6.45831pt::0.0pt::5.50005pt.
[250


]
l2hSize :tex2html_wrap_inline1759:6.45831pt::0.0pt::5.50005pt.
[251


]
l2hSize :tex2html_wrap_inline1761:8.64003pt::8.64003pt::40.4989pt.
[252


]
l2hSize :tex2html_wrap_inline1763:6.45831pt::0.0pt::24.83562pt.
[253


]
! Missing $ inserted.
<inserted text> 
                $
l.1982 
       
I've inserted a begin-math/end-math symbol since I think
you left one out. Proceed, with fingers crossed.

! Display math should end with $$.
<to be read again> 
                   \par 
l.1982 
       
The `$' that I just saw supposedly matches a previous `$$'.
So I shall assume that you typed `$$' both times.


! LaTeX Error: Bad math environment delimiter.

See the LaTeX manual or LaTeX Companion for explanation.
Type  H <return>  for immediate help.
 ...                                              
                                                  
l.1983 \end{displaymath}
                        %
Your command was ignored.
Type  I <command> <return>  to replace it with another command,
or  <return>  to continue without it.

l2hSize :displaymath636:21.56903pt::0.0pt::349.0pt.
[254


]
l2hSize :tex2html_wrap_inline1769:7.1428pt::7.1428pt::11.20496pt.
[255


]
! Missing $ inserted.
<inserted text> 
                $
l.1997 
       
I've inserted a begin-math/end-math symbol since I think
you left one out. Proceed, with fingers crossed.

! Display math should end with $$.
<to be read again> 
                   \par 
l.1997 
       
The `$' that I just saw supposedly matches a previous `$$'.
So I shall assume that you typed `$$' both times.


! LaTeX Error: Bad math environment delimiter.

See the LaTeX manual or LaTeX Companion for explanation.
Type  H <return>  for immediate help.
 ...                                              
                                                  
l.1998 \end{displaymath}
                        %
Your command was ignored.
Type  I <command> <return>  to replace it with another command,
or  <return>  to continue without it.

l2hSize :displaymath646:21.56903pt::0.0pt::349.0pt.
[256


]
l2hSize :tex2html_wrap_inline1771:8.01782pt::8.01782pt::8.56718pt.
[257


]
l2hSize :displaymath1140:21.56903pt::0.0pt::349.0pt.
[258


]
l2hSize :displaymath1141:22.40236pt::0.0pt::349.0pt.
[259


]
l2hSize :displaymath1142:21.56903pt::0.0pt::349.0pt.
[260


]
l2hSize :tex2html_wrap_inline1775:6.45831pt::0.0pt::24.83562pt.
[261


]
l2hSize :tex2html_wrap_inline1777:8.0pt::8.0pt::47.91318pt.
[262


]
l2hSize :tex2html_wrap_inline1779:8.94843pt::8.94843pt::53.93053pt.
[263


]
l2hSize :tex2html_wrap_inline1781:8.64003pt::8.64003pt::10.24776pt.
[264


]
l2hSize :displaymath1143:21.56903pt::0.0pt::349.0pt.
[265


]
l2hSize :tex2html_wrap_inline1783:8.64003pt::8.64003pt::35.55557pt.
[266


]
l2hSize :tex2html_wrap_inline1785:9.82217pt::9.82217pt::54.76118pt.
[267


]
l2hSize :displaymath1144:21.56903pt::0.0pt::349.0pt.
[268


]
l2hSize :displaymath1145:21.56903pt::0.0pt::349.0pt.
[269


]
l2hSize :displaymath1146:21.06903pt::0.0pt::349.0pt.
[270


]
l2hSize :displaymath1147:23.01347pt::0.0pt::349.0pt.
[271


]
l2hSize :tex2html_wrap_inline1789:6.95831pt::6.95831pt::24.09486pt.
[272


]
l2hSize :displaymath1148:13.94444pt::0.0pt::349.0pt.
[273


]
l2hSize :tex2html_wrap_inline1793:7.96227pt::0.0pt::35.27086pt.
[274


]
l2hSize :displaymath1149:22.14241pt::0.0pt::349.0pt.
[275


]
l2hSize :displaymath1150:21.06903pt::0.0pt::349.0pt.
[276


]
l2hSize :tex2html_wrap_inline1795:8.64003pt::8.64003pt::54.84714pt.
[277


]
l2hSize :tex2html_wrap_inline1797:9.00005pt::9.00005pt::106.42348pt.
[278


]
l2hSize :tex2html_wrap_inline1799:8.64003pt::8.64003pt::56.52026pt.
[279


]
l2hSize :tex2html_wrap_inline1801:8.64003pt::8.64003pt::81.14813pt.
[280


]
l2hSize :tex2html_wrap_inline1803:9.82217pt::9.82217pt::50.7488pt.
[281


]
l2hSize :tex2html_wrap_inline1805:9.82217pt::9.82217pt::123.63449pt.
[282


]
l2hSize :tex2html_wrap_inline1807:9.82217pt::9.82217pt::78.07901pt.
[283


]
l2hSize :tex2html_wrap_inline1809:8.94843pt::8.94843pt::38.25879pt.
[284


]
l2hSize :tex2html_wrap_inline1811:9.82217pt::9.82217pt::59.6973pt.
[285


]
l2hSize :tex2html_wrap_inline1813:8.0pt::8.0pt::36.87268pt.
[286


]
l2hSize :displaymath1151:13.94444pt::0.0pt::349.0pt.
[287


]
l2hSize :tex2html_wrap_inline1815:8.01782pt::8.01782pt::27.62498pt.
[288


]
l2hSize :tex2html_wrap_inline1817:8.01782pt::8.01782pt::75.3333pt.
[289


]
! Missing $ inserted.
<inserted text> 
                $
l.2232 
       
I've inserted a begin-math/end-math symbol since I think
you left one out. Proceed, with fingers crossed.

! Display math should end with $$.
<to be read again> 
                   \par 
l.2232 
       
The `$' that I just saw supposedly matches a previous `$$'.
So I shall assume that you typed `$$' both times.


! LaTeX Error: Bad math environment delimiter.

See the LaTeX manual or LaTeX Companion for explanation.
Type  H <return>  for immediate help.
 ...                                              
                                                  
l.2233 \end{displaymath}
                        %
Your command was ignored.
Type  I <command> <return>  to replace it with another command,
or  <return>  to continue without it.

l2hSize :displaymath757:14.5pt::0.0pt::349.0pt.
[290


]
l2hSize :displaymath1152:13.94444pt::0.0pt::349.0pt.
[291


]
! Missing $ inserted.
<inserted text> 
                $
l.2249 
       
I've inserted a begin-math/end-math symbol since I think
you left one out. Proceed, with fingers crossed.

! Display math should end with $$.
<to be read again> 
                   \par 
l.2249 
       
The `$' that I just saw supposedly matches a previous `$$'.
So I shall assume that you typed `$$' both times.


! LaTeX Error: Bad math environment delimiter.

See the LaTeX manual or LaTeX Companion for explanation.
Type  H <return>  for immediate help.
 ...                                              
                                                  
l.2250 \end{displaymath}
                        %
Your command was ignored.
Type  I <command> <return>  to replace it with another command,
or  <return>  to continue without it.

l2hSize :displaymath766:14.5pt::0.0pt::349.0pt.
[292


]
l2hSize :tex2html_wrap_inline1821:6.45831pt::0.0pt::6.22461pt.
[293


]
l2hSize :displaymath1153:13.94444pt::0.0pt::349.0pt.
[294


]
l2hSize :displaymath1154:21.56903pt::0.0pt::349.0pt.
[295


]
l2hSize :displaymath1155:21.56903pt::0.0pt::349.0pt.
[296


]
l2hSize :displaymath1156:18.85951pt::0.0pt::349.0pt.
[297


]
! Missing $ inserted.
<inserted text> 
                $
l.2297 
       
I've inserted a begin-math/end-math symbol since I think
you left one out. Proceed, with fingers crossed.

! Display math should end with $$.
<to be read again> 
                   \par 
l.2297 
       
The `$' that I just saw supposedly matches a previous `$$'.
So I shall assume that you typed `$$' both times.


! LaTeX Error: Bad math environment delimiter.

See the LaTeX manual or LaTeX Companion for explanation.
Type  H <return>  for immediate help.
 ...                                              
                                                  
l.2298 \end{displaymath}
                        %
Your command was ignored.
Type  I <command> <return>  to replace it with another command,
or  <return>  to continue without it.

l2hSize :displaymath788:14.5pt::0.0pt::349.0pt.
[298


]
l2hSize :tex2html_wrap_inline1833:8.01782pt::8.01782pt::10.87274pt.
[299


]
l2hSize :displaymath1157:23.51347pt::0.0pt::349.0pt.
[300


]
! Missing $ inserted.
<inserted text> 
                $
l.2320 
       
I've inserted a begin-math/end-math symbol since I think
you left one out. Proceed, with fingers crossed.

! Display math should end with $$.
<to be read again> 
                   \par 
l.2320 
       
The `$' that I just saw supposedly matches a previous `$$'.
So I shall assume that you typed `$$' both times.


! LaTeX Error: Bad math environment delimiter.

See the LaTeX manual or LaTeX Companion for explanation.
Type  H <return>  for immediate help.
 ...                                              
                                                  
l.2321 \end{displaymath}
                        %
Your command was ignored.
Type  I <command> <return>  to replace it with another command,
or  <return>  to continue without it.

l2hSize :displaymath805:25.00023pt::0.0pt::349.0pt.
[301


]
l2hSize :displaymath1158:13.94444pt::0.0pt::349.0pt.
[302


]
l2hSize :displaymath1159:23.51347pt::0.0pt::349.0pt.
[303


]
l2hSize :displaymath1160:19.40015pt::0.0pt::349.0pt.
[304


]
l2hSize :displaymath1161:26.00954pt::0.0pt::349.0pt.
[305


]
l2hSize :displaymath1162:25.00023pt::0.0pt::349.0pt.
[306


]
l2hSize :displaymath1163:14.5pt::0.0pt::349.0pt.
[307


]
l2hSize :tex2html_wrap_inline1845:10.05673pt::10.05673pt::67.0208pt.
[308


]
l2hSize :tex2html_wrap_inline1847:10.05673pt::10.05673pt::85.74303pt.
[309


]
l2hSize :tex2html_wrap_inline1849:8.01782pt::8.01782pt::60.92581pt.
[310


]
l2hSize :tex2html_wrap_inline1851:10.05673pt::10.05673pt::84.24295pt.
[311


]
l2hSize :tex2html_wrap_inline1853:8.01782pt::8.01782pt::59.82166pt.
[312


]
l2hSize :tex2html_wrap_inline1855:8.64003pt::8.64003pt::61.83092pt.
[313


]
l2hSize :tex2html_wrap_inline1859:8.01782pt::8.01782pt::39.67824pt.
[314


]
l2hSize :tex2html_wrap_inline1861:8.01782pt::8.01782pt::37.27313pt.
[315


]
l2hSize :tex2html_wrap_inline1863:8.0pt::8.0pt::36.87268pt.
[316


]
l2hSize :tex2html_wrap_inline1865:8.01782pt::8.01782pt::39.67824pt.
[317


]
l2hSize :displaymath1164:22.4375pt::0.0pt::349.0pt.
[318


]
l2hSize :displaymath1165:24.70906pt::0.0pt::349.0pt.
[319


]
l2hSize :tex2html_wrap_inline1869:7.44444pt::7.44444pt::75.93893pt.
[320


]
l2hSize :tex2html_wrap_inline1871:8.0pt::8.0pt::55.90648pt.
[321


]
l2hSize :displaymath1166:14.5pt::0.0pt::349.0pt.
[322


]
l2hSize :tex2html_wrap_inline1875:8.01782pt::8.01782pt::42.78358pt.
[323


]
l2hSize :tex2html_wrap_inline1877:8.01782pt::8.01782pt::22.77092pt.
[324


]
l2hSize :tex2html_wrap_inline1879:8.0pt::8.0pt::19.12157pt.
[325


]
l2hSize :tex2html_wrap_inline1883:8.01782pt::8.01782pt::39.13423pt.
[326


]
l2hSize :displaymath1167:14.5pt::0.0pt::349.0pt.
[327


]
l2hSize :displaymath1168:14.5pt::0.0pt::349.0pt.
[328


]
! Missing $ inserted.
<inserted text> 
                $
l.2516 
       
I've inserted a begin-math/end-math symbol since I think
you left one out. Proceed, with fingers crossed.

! Display math should end with $$.
<to be read again> 
                   \par 
l.2516 
       
The `$' that I just saw supposedly matches a previous `$$'.
So I shall assume that you typed `$$' both times.


! LaTeX Error: Bad math environment delimiter.

See the LaTeX manual or LaTeX Companion for explanation.
Type  H <return>  for immediate help.
 ...                                              
                                                  
l.2517 \end{displaymath}
                        %
Your command was ignored.
Type  I <command> <return>  to replace it with another command,
or  <return>  to continue without it.

l2hSize :displaymath882:14.5pt::0.0pt::349.0pt.
[329


]
l2hSize :tex2html_wrap_inline1889:8.0pt::8.0pt::19.96536pt.
[330


]
l2hSize :tex2html_wrap_inline1891:8.0pt::8.0pt::59.43744pt.
[331


]
l2hSize :displaymath1169:25.00023pt::0.0pt::349.0pt.
[332


]
! Missing $ inserted.
<inserted text> 
                $
l.2550 
       
I've inserted a begin-math/end-math symbol since I think
you left one out. Proceed, with fingers crossed.

! Display math should end with $$.
<to be read again> 
                   \par 
l.2550 
       
The `$' that I just saw supposedly matches a previous `$$'.
So I shall assume that you typed `$$' both times.


! LaTeX Error: Bad math environment delimiter.

See the LaTeX manual or LaTeX Companion for explanation.
Type  H <return>  for immediate help.
 ...                                              
                                                  
l.2551 \end{displaymath}
                        %
Your command was ignored.
Type  I <command> <return>  to replace it with another command,
or  <return>  to continue without it.

l2hSize :displaymath895:14.5pt::0.0pt::349.0pt.
[333


]
l2hSize :displaymath1170:14.5pt::0.0pt::349.0pt.
[334


]
l2hSize :displaymath1171:14.5pt::0.0pt::349.0pt.
[335


]
l2hSize :tex2html_wrap_inline1897:7.51782pt::0.0pt::27.3634pt.
[336


]
l2hSize :tex2html_wrap_inline1899:6.45831pt::0.0pt::23.88539pt.
[337


]
l2hSize :tex2html_wrap_inline1907:8.01782pt::8.01782pt::59.05087pt.
[338


]
l2hSize :tex2html_wrap_inline1909:8.01782pt::8.01782pt::49.60652pt.
[339


]
l2hSize :tex2html_wrap_inline1911:8.01782pt::8.01782pt::86.5742pt.
[340


]
l2hSize :displaymath1172:25.00023pt::0.0pt::349.0pt.
[341


]
l2hSize :displaymath1173:13.94444pt::0.0pt::349.0pt.
[342


]
l2hSize :tex2html_wrap_inline1915:9.63329pt::9.63329pt::80.01259pt.
[343


]
l2hSize :tex2html_wrap_inline1917:9.63329pt::9.63329pt::69.8472pt.
[344


]
l2hSize :displaymath1174:31.00029pt::0.0pt::349.0pt.
[345


]
l2hSize :tex2html_wrap_inline1919:8.64003pt::8.64003pt::51.00453pt.
[346


]
l2hSize :tex2html_wrap_inline1921:9.63329pt::9.63329pt::80.72903pt.
[347


]
l2hSize :tex2html_wrap_inline1925:8.64003pt::8.64003pt::51.00453pt.
[348


]
l2hSize :figure934:8.88889pt::0.0pt::349.0pt.
[349


]
l2hSize :tex2html_wrap_inline1929:8.01782pt::8.01782pt::96.52997pt.
[350


]
l2hSize :tex2html_wrap_inline1931:9.9245pt::9.9245pt::57.2673pt.
[351


]
l2hSize :tex2html_wrap_inline1933:13.86949pt::13.86949pt::92.65266pt.
[352


]
l2hSize :tex2html_wrap_inline1935:8.01782pt::8.01782pt::81.13188pt.
[353


]
l2hSize :tex2html_wrap_inline1937:8.64003pt::8.64003pt::50.17351pt.
[354


]
l2hSize :tex2html_wrap_inline1939:10.05673pt::10.05673pt::65.4305pt.
[355


]
l2hSize :displaymath1175:14.5pt::0.0pt::349.0pt.
[356


]
l2hSize :tex2html_wrap_inline1941:8.0pt::8.0pt::50.41783pt.
[357


]
l2hSize :tex2html_wrap_inline1943:8.01782pt::8.01782pt::76.36105pt.
[358


]
l2hSize :tex2html_wrap_inline1945:8.0pt::8.0pt::69.14345pt.
[359


]
l2hSize :displaymath1176:14.5pt::0.0pt::349.0pt.
[360


] (./images.aux) ) 
Here is how much of TeX's memory you used:
 1264 strings out of 95847
 15316 string characters out of 1195949
 64498 words of memory out of 1000001
 4240 multiletter control sequences out of 10000+50000
 3640 words of font info for 14 fonts, out of 500000 for 1000
 14 hyphenation exceptions out of 1000
 24i,9n,25p,192b,235s stack positions out of 1500i,500n,5000p,200000b,5000s

Output written on images.dvi (360 pages, 107788 bytes).
