This is TeX, Version 3.14159 (Web2C 7.4.5) (format=latex 2003.3.8)  29 MAR 2005 10:17
**./images.tex
(./images.tex
LaTeX2e <2001/06/01>
Babel <v3.7h> and hyphenation patterns for american, french, german, ngerman, n
ohyphenation, loaded.

(/usr/share/texmf/tex/latex/base/book.cls
Document Class: book 2001/04/21 v1.4e Standard LaTeX document class
(/usr/share/texmf/tex/latex/base/bk10.clo
File: bk10.clo 2001/04/21 v1.4e Standard LaTeX file (size option)
)
\c@part=\count79
\c@chapter=\count80
\c@section=\count81
\c@subsection=\count82
\c@subsubsection=\count83
\c@paragraph=\count84
\c@subparagraph=\count85
\c@figure=\count86
\c@table=\count87
\abovecaptionskip=\skip41
\belowcaptionskip=\skip42
\bibindent=\dimen102
) (/usr/share/texmf/tex/latex/base/ifthen.sty
Package: ifthen 2001/05/26 v1.1c Standard LaTeX ifthen package (DPC)
) (/usr/share/texmf/tex/generic/babel/babel.sty
Package: babel 2001/03/01 v3.7h The Babel package
(/usr/share/texmf/tex/generic/babel/spanish.ldf
Language: spanish.ldf 2001/01/30 v4.1c Spanish support from the babel system
(/usr/share/texmf/tex/generic/babel/babel.def
File: babel.def 2001/03/01 v3.7h Babel common definitions
\babel@savecnt=\count88
\U@D=\dimen103
)

Package babel Warning: No hyphenation patterns were loaded for
(babel)                the language `Spanish'
(babel)                I will use the patterns loaded for \language=0 instead.

\l@spanish = a dialect from \language0
\es@quottoks=\toks14
\es@quotdepth=\count89
Package babel Info: Making . an active character on input line 464.
Package babel Info: Making " an active character on input line 495.
Package babel Info: Making < an active character on input line 581.
Package babel Info: Making > an active character on input line 582.
)) (/usr/share/texmf/tex/latex/graphics/graphics.sty
Package: graphics 2001/07/07 v1.0n Standard LaTeX Graphics (DPC,SPQR)
(/usr/share/texmf/tex/latex/graphics/trig.sty
Package: trig 1999/03/16 v1.09 sin cos tan (DPC)
) (/usr/share/texmf/tex/latex/config/graphics.cfg
File: graphics.cfg 2001/08/31 v1.1 graphics configuration of teTeX/TeXLive
)
Package graphics Info: Driver file: dvips.def on input line 80.
(/usr/share/texmf/tex/latex/graphics/dvips.def
File: dvips.def 1999/02/16 v3.0i Driver-dependant file (DPC,SPQR)
)) (/usr/share/texmf/tex/latex/amsmath/amsmath.sty
Package: amsmath 2000/07/18 v2.13 AMS math features
\@mathmargin=\skip43
For additional information on amsmath, use the `?' option.
(/usr/share/texmf/tex/latex/amsmath/amstext.sty
Package: amstext 2000/06/29 v2.01
(/usr/share/texmf/tex/latex/amsmath/amsgen.sty
File: amsgen.sty 1999/11/30 v2.0
\@emptytoks=\toks15
\ex@=\dimen104
)) (/usr/share/texmf/tex/latex/amsmath/amsbsy.sty
Package: amsbsy 1999/11/29 v1.2d
\pmbraise@=\dimen105
) (/usr/share/texmf/tex/latex/amsmath/amsopn.sty
Package: amsopn 1999/12/14 v2.01 operator names
)
\inf@bad=\count90
LaTeX Info: Redefining \frac on input line 211.
\uproot@=\count91
\leftroot@=\count92
LaTeX Info: Redefining \overline on input line 307.
\classnum@=\count93
\DOTSCASE@=\count94
LaTeX Info: Redefining \ldots on input line 379.
LaTeX Info: Redefining \dots on input line 382.
LaTeX Info: Redefining \cdots on input line 467.
\Mathstrutbox@=\box26
\strutbox@=\box27
\big@size=\dimen106
LaTeX Font Info:    Redeclaring font encoding OML on input line 567.
LaTeX Font Info:    Redeclaring font encoding OMS on input line 568.
\macc@depth=\count95
\c@MaxMatrixCols=\count96
\dotsspace@=\muskip10
\c@parentequation=\count97
\dspbrk@lvl=\count98
\tag@help=\toks16
\row@=\count99
\column@=\count100
\maxfields@=\count101
\andhelp@=\toks17
\eqnshift@=\dimen107
\alignsep@=\dimen108
\tagshift@=\dimen109
\tagwidth@=\dimen110
\totwidth@=\dimen111
\lineht@=\dimen112
\@envbody=\toks18
\multlinegap=\skip44
\multlinetaggap=\skip45
\mathdisplay@stack=\toks19
LaTeX Info: Redefining \[ on input line 2666.
LaTeX Info: Redefining \] on input line 2667.
) (/usr/share/texmf/tex/latex/graphics/color.sty
Package: color 1999/02/16 v1.0i Standard LaTeX Color (DPC)
(/usr/share/texmf/tex/latex/config/color.cfg
File: color.cfg 2001/08/31 v1.1 color configuration of teTeX/TeXLive
)
Package color Info: Driver file: dvips.def on input line 125.
(/usr/share/texmf/tex/latex/graphics/dvipsnam.def
File: dvipsnam.def 1999/02/16 v3.0i Driver-dependant file (DPC,SPQR)
)) (/usr/share/texmf/tex/latex/base/inputenc.sty
Package: inputenc 2001/07/10 v0.99a Input encoding file 
(/usr/share/texmf/tex/latex/base/latin1.def
File: latin1.def 2001/07/10 v0.99a Input encoding file 
))
\sizebox=\box28
\lthtmlwrite=\write3
(./images.aux)
\openout1 = `images.aux'.

LaTeX Font Info:    Checking defaults for OML/cmm/m/it on input line 130.
LaTeX Font Info:    ... okay on input line 130.
LaTeX Font Info:    Checking defaults for T1/cmr/m/n on input line 130.
LaTeX Font Info:    ... okay on input line 130.
LaTeX Font Info:    Checking defaults for OT1/cmr/m/n on input line 130.
LaTeX Font Info:    ... okay on input line 130.
LaTeX Font Info:    Checking defaults for OMS/cmsy/m/n on input line 130.
LaTeX Font Info:    ... okay on input line 130.
LaTeX Font Info:    Checking defaults for OMX/cmex/m/n on input line 130.
LaTeX Font Info:    ... okay on input line 130.
LaTeX Font Info:    Checking defaults for U/cmr/m/n on input line 130.
LaTeX Font Info:    ... okay on input line 130.

latex2htmlLength hsize=349.0pt

latex2htmlLength vsize=627.36243pt

latex2htmlLength hoffset=0.0pt

latex2htmlLength voffset=0.0pt

latex2htmlLength topmargin=0.0pt

latex2htmlLength topskip=0.00003pt

latex2htmlLength headheight=0.0pt

latex2htmlLength headsep=0.0pt

latex2htmlLength parskip=0.0pt plus 1.0pt

latex2htmlLength oddsidemargin=35.0pt

latex2htmlLength evensidemargin=89.0pt

l2hSize :tex2html_wrap_inline6319:6.45831pt::0.0pt::9.28017pt.
[1



]
l2hSize :tex2html_wrap_indisplay6321:15.4051pt::15.4051pt::265.44421pt.
[2


]
l2hSize :tex2html_wrap_inline6323:8.0pt::8.0pt::17.8612pt.
[3


]
l2hSize :tex2html_wrap_inline6325:8.0pt::8.0pt::19.84726pt.
[4


]
l2hSize :tex2html_wrap_inline6329:6.83331pt::0.0pt::9.05698pt.
[5


]
l2hSize :tex2html_wrap_inline6333:7.44444pt::7.44444pt::40.35513pt.
[6


]
l2hSize :tex2html_wrap_inline6335:8.0pt::8.0pt::30.22919pt.
[7


]
l2hSize :tex2html_wrap_inline6337:6.45831pt::0.0pt::4.11115pt.
[8


]
l2hSize :tex2html_wrap_inline6339:6.45831pt::0.0pt::5.18753pt.
[9


]
l2hSize :tex2html_wrap_indisplay6341:16.50012pt::16.50012pt::153.0791pt.
[10


]
l2hSize :tex2html_wrap_inline6345:6.83331pt::0.0pt::7.73268pt.
[11


]
l2hSize :tex2html_wrap_inline6351:6.45831pt::0.0pt::24.11916pt.
[12


]
l2hSize :tex2html_wrap_inline6353:6.94444pt::0.0pt::28.12492pt.
[13


]
l2hSize :tex2html_wrap_inline6355:8.46227pt::8.46227pt::61.76385pt.
[14


]
l2hSize :tex2html_wrap_inline6357:8.0pt::8.0pt::17.15054pt.
[15


]
l2hSize :tex2html_wrap_inline6359:6.95831pt::6.95831pt::22.44438pt.
[16


]
l2hSize :tex2html_wrap_indisplay6361:14.65291pt::14.65291pt::64.30685pt.
[17


]
l2hSize :tex2html_wrap_inline6363:6.95831pt::6.95831pt::27.69438pt.
[18


]
l2hSize :tex2html_wrap_indisplay6369:14.65291pt::14.65291pt::142.24799pt.
[19


]
l2hSize :tex2html_wrap_inline6371:8.0pt::8.0pt::22.39732pt.
[20


]
l2hSize :tex2html_wrap_indisplay6373:18.54184pt::18.54184pt::152.1381pt.
[21


]
l2hSize :tex2html_wrap_inline6375:6.95831pt::6.95831pt::23.52077pt.
[22


]
l2hSize :tex2html_wrap_inline6377:8.0pt::8.0pt::21.00842pt.
[23


]
l2hSize :tex2html_wrap_indisplay6380:8.0pt::8.0pt::21.00842pt.
[24


]
l2hSize :tex2html_wrap_indisplay6382:6.95831pt::6.95831pt::8.27783pt.
[25


]
l2hSize :tex2html_wrap_indisplay6384:14.65291pt::14.65291pt::51.26746pt.
[26


]
l2hSize :tex2html_wrap_indisplay6388:18.54184pt::18.54184pt::104.96324pt.
[27


]
l2hSize :tex2html_wrap_indisplay6392:13.70952pt::13.70952pt::47.01949pt.
[28


]
l2hSize :tex2html_wrap_indisplay6396:13.70952pt::13.70952pt::15.30005pt.
[29


]
l2hSize :tex2html_wrap_indisplay6400:13.70952pt::13.70952pt::12.07365pt.
[30


]
l2hSize :tex2html_wrap_indisplay6402:14.20952pt::14.20952pt::62.44084pt.
[31


]
l2hSize :tex2html_wrap_inline6406:6.95831pt::6.95831pt::24.83562pt.
[32


]
l2hSize :tex2html_wrap_inline6408:8.99002pt::8.99002pt::29.99458pt.
[33


]
l2hSize :tex2html_wrap_indisplay6411:9.49002pt::9.49002pt::29.99458pt.
[34


]
l2hSize :tex2html_wrap_indisplay6415:14.65291pt::14.65291pt::60.25362pt.
[35


]
l2hSize :tex2html_wrap_indisplay6419:14.65291pt::14.65291pt::58.32654pt.
[36


]
l2hSize :tex2html_wrap_indisplay6423:18.54184pt::18.54184pt::43.57724pt.
[37


]
l2hSize :tex2html_wrap_indisplay6427:13.70952pt::13.70952pt::25.3305pt.
[38


]
l2hSize :tex2html_wrap_inline6429:7.44444pt::7.44444pt::24.0416pt.
[39


]
l2hSize :tex2html_wrap_inline6431:8.0pt::8.0pt::29.25587pt.
[40


]
l2hSize :tex2html_wrap_inline6433:8.0pt::8.0pt::29.28616pt.
[41


]
l2hSize :tex2html_wrap_inline6435:8.0pt::8.0pt::51.674pt.
[42


]
l2hSize :tex2html_wrap_inline6437:8.0pt::8.0pt::51.70428pt.
[43


]
l2hSize :tex2html_wrap_indisplay6440:8.0pt::8.0pt::51.674pt.
[44


]
l2hSize :tex2html_wrap_indisplay6444:14.65291pt::14.65291pt::81.93303pt.
[45


]
l2hSize :tex2html_wrap_indisplay6448:15.54181pt::15.54181pt::178.23442pt.
[46


]
l2hSize :tex2html_wrap_indisplay6452:14.20952pt::14.20952pt::76.84727pt.
[47


]
l2hSize :tex2html_wrap_indisplay6456:14.20952pt::14.20952pt::59.62512pt.
[48


]
l2hSize :tex2html_wrap_indisplay6459:8.0pt::8.0pt::51.70428pt.
[49


]
l2hSize :tex2html_wrap_indisplay6463:14.65291pt::14.65291pt::81.96332pt.
[50


]
l2hSize :tex2html_wrap_indisplay6467:18.54184pt::18.54184pt::178.23442pt.
[51


]
l2hSize :tex2html_wrap_indisplay6471:14.65291pt::14.65291pt::111.14264pt.
[52


]
l2hSize :tex2html_wrap_indisplay6475:14.20952pt::14.20952pt::79.21698pt.
[53


]
l2hSize :tex2html_wrap_indisplay6479:15.0001pt::15.0001pt::103.52673pt.
[54


]
l2hSize :tex2html_wrap_indisplay6483:15.4051pt::15.4051pt::83.7334pt.
[55


]
l2hSize :tex2html_wrap_indisplay6485:11.57062pt::11.57062pt::101.61803pt.
[56


]
l2hSize :tex2html_wrap_inline6489:8.0pt::8.0pt::34.77672pt.
[57


]
l2hSize :tex2html_wrap_indisplay6491:14.20952pt::14.20952pt::229.10284pt.
[58


]
l2hSize :tex2html_wrap_indisplay6497:15.52592pt::15.52592pt::85.50432pt.
[59


]
l2hSize :tex2html_wrap_indisplay6500:8.0pt::8.0pt::53.37091pt.
[60


]
l2hSize :tex2html_wrap_indisplay6504:15.7551pt::15.7551pt::75.7892pt.
[61


]
l2hSize :tex2html_wrap_indisplay6508:13.70952pt::13.70952pt::108.51984pt.
[62


]
l2hSize :tex2html_wrap_indisplay6512:15.0001pt::15.0001pt::93.0623pt.
[63


]
l2hSize :tex2html_wrap_indisplay6516:15.0001pt::15.0001pt::58.09169pt.
[64


]
l2hSize :tex2html_wrap_indisplay6520:11.57062pt::11.57062pt::34.30276pt.
[65


]
l2hSize :tex2html_wrap_indisplay6522:15.52592pt::15.52592pt::85.47403pt.
[66


]
l2hSize :tex2html_wrap_inline6524:8.0pt::8.0pt::53.34062pt.
[67


]
l2hSize :tex2html_wrap_inline6526:8.0pt::8.0pt::34.75848pt.
[68


]
l2hSize :displaymath6528:37.00029pt::0.0pt::349.0pt.
[69


]
l2hSize :tex2html_wrap_indisplay6531:8.0pt::8.0pt::34.75848pt.
[70


]
l2hSize :tex2html_wrap_indisplay6535:14.65291pt::14.65291pt::65.01752pt.
[71


]
l2hSize :tex2html_wrap_indisplay6539:16.15013pt::16.15013pt::169.47911pt.
[72


]
l2hSize :tex2html_wrap_indisplay6543:20.03906pt::20.03906pt::231.64566pt.
[73


]
l2hSize :tex2html_wrap_indisplay6547:16.40004pt::16.40004pt::140.64005pt.
[74


]
l2hSize :tex2html_wrap_indisplay6551:16.40004pt::16.40004pt::115.83733pt.
[75


]
l2hSize :tex2html_wrap_inline6556:8.0pt::8.0pt::47.16075pt.
[76


]
l2hSize :tex2html_wrap_inline6557:6.83331pt::0.0pt::9.65187pt.
[77


]
l2hSize :tex2html_wrap_inline6558:6.45831pt::0.0pt::0.50003pt.
[78


]
l2hSize :tex2html_wrap_inline6560:7.44444pt::7.44444pt::6.47229pt.
[79


]
l2hSize :tex2html_wrap_inline6562:8.0pt::8.0pt::38.01494pt.
[80


]
l2hSize :tex2html_wrap_inline6564:6.95831pt::6.95831pt::11.13547pt.
[81


]
l2hSize :tex2html_wrap_inline6566:7.44444pt::7.44444pt::62.02295pt.
[82


]
l2hSize :tex2html_wrap_inline6568:8.0pt::8.0pt::42.9351pt.
[83


]
l2hSize :tex2html_wrap_indisplay6570:9.11111pt::9.11111pt::229.29074pt.
[84


]
l2hSize :tex2html_wrap_inline6572:6.95831pt::6.95831pt::10.70143pt.
[85


]
l2hSize :tex2html_wrap_inline6574:8.0pt::8.0pt::20.07756pt.
[86


]
l2hSize :figure242:6.83331pt::0.0pt::349.0pt.
[87


]
l2hSize :tex2html_wrap_inline6580:8.0pt::8.0pt::57.58333pt.
[88


]
l2hSize :tex2html_wrap_inline6584:6.94444pt::0.0pt::6.02087pt.
[89


]
l2hSize :tex2html_wrap_inline6586:7.33331pt::7.33331pt::29.62492pt.
[90


]
l2hSize :tex2html_wrap_inline6588:7.33331pt::7.33331pt::26.06592pt.
[91


]
l2hSize :tex2html_wrap_indisplay6590:9.49002pt::9.49002pt::60.13893pt.
[92


]
l2hSize :tex2html_wrap_inline6592:7.33331pt::7.33331pt::24.67702pt.
[93


]
l2hSize :figure251:6.83331pt::0.0pt::349.0pt.
[94


]
l2hSize :tex2html_wrap_indisplay6598:14.76508pt::14.76508pt::66.58752pt.
[95


]
l2hSize :tex2html_wrap_inline6602:6.83331pt::0.0pt::7.3056pt.
[96


]
l2hSize :tex2html_wrap_inline6604:6.83331pt::0.0pt::11.29169pt.
[97


]
l2hSize :tex2html_wrap_inline6610:6.83331pt::0.0pt::30.63884pt.
[98


]
l2hSize :tex2html_wrap_inline6614:8.64003pt::8.64003pt::39.29167pt.
[99


]
l2hSize :tex2html_wrap_indisplay6616:15.4051pt::15.4051pt::229.66241pt.
[100


]
l2hSize :tex2html_wrap_inline6622:8.64003pt::8.64003pt::35.66318pt.
[101


]
l2hSize :tex2html_wrap_inline6624:8.14003pt::0.0pt::8.59727pt.
[102


]
l2hSize :tex2html_wrap_inline6626:8.99002pt::8.99002pt::42.8882pt.
[103


]
l2hSize :tex2html_wrap_inline6628:6.94444pt::0.0pt::4.79169pt.
[104


]
l2hSize :tex2html_wrap_indisplay6630:15.7551pt::15.7551pt::117.04166pt.
[105


]
l2hSize :tex2html_wrap_inline6632:7.44444pt::7.44444pt::23.64575pt.
[106


]
l2hSize :tex2html_wrap_inline6634:8.99002pt::8.99002pt::38.1243pt.
[107


]
l2hSize :tex2html_wrap_inline6638:6.45831pt::0.0pt::6.50238pt.
[108


]
l2hSize :tex2html_wrap_inline6644:8.0pt::8.0pt::17.01741pt.
[109


]
l2hSize :tex2html_wrap_inline6646:8.0pt::8.0pt::46.60072pt.
[110


]
l2hSize :tex2html_wrap_inline6648:8.0pt::8.0pt::41.60071pt.
[111


]
l2hSize :tex2html_wrap_inline6650:10.36893pt::10.36893pt::43.27437pt.
[112


]
l2hSize :tex2html_wrap_indisplay6652:17.134pt::17.134pt::119.19864pt.
[113


]
l2hSize :tex2html_wrap_inline6664:8.0pt::8.0pt::47.54166pt.
[114


]
l2hSize :tex2html_wrap_inline6666:8.0pt::8.0pt::41.33327pt.
[115


]
l2hSize :tex2html_wrap_indisplay6668:14.76508pt::14.76508pt::116.5222pt.
[116


]
l2hSize :tex2html_wrap_inline6670:7.44444pt::7.44444pt::24.35411pt.
[117


]
l2hSize :tex2html_wrap_inline6674:7.44444pt::7.44444pt::8.27783pt.
[118


]
l2hSize :tex2html_wrap_inline6676:8.0pt::8.0pt::33.54753pt.
[119


]
l2hSize :tex2html_wrap_inline6678:8.0pt::8.0pt::33.57782pt.
[120


]
l2hSize :tex2html_wrap_inline6680:8.0pt::8.0pt::56.87267pt.
[121


]
l2hSize :tex2html_wrap_inline6686:6.95831pt::6.95831pt::9.67366pt.
[122


]
l2hSize :tex2html_wrap_inline6688:8.0pt::8.0pt::67.87413pt.
[123


]
l2hSize :tex2html_wrap_inline6700:8.99002pt::8.99002pt::59.42827pt.
[124


]
l2hSize :tex2html_wrap_indisplay6705:8.0pt::8.0pt::34.04782pt.
[125


]
l2hSize :tex2html_wrap_indisplay6713:16.50012pt::16.50012pt::154.83542pt.
[126


]
l2hSize :tex2html_wrap_indisplay6715:16.42236pt::16.42236pt::62.13426pt.
[127


]
l2hSize :tex2html_wrap_indisplay6718:18.00015pt::18.00015pt::66.51793pt.
[128


]
l2hSize :tex2html_wrap_indisplay6720:6.95831pt::6.95831pt::8.27783pt.
[129


]
l2hSize :tex2html_wrap_indisplay6722:16.50012pt::16.50012pt::65.40685pt.
[130


]
l2hSize :tex2html_wrap_indisplay6726:16.50012pt::16.50012pt::66.58969pt.
[131


]
l2hSize :tex2html_wrap_indisplay6730:16.50012pt::16.50012pt::66.32924pt.
[132


]
l2hSize :tex2html_wrap_indisplay6734:16.144pt::16.144pt::86.93173pt.
[133


]
l2hSize :tex2html_wrap_indisplay6736:16.144pt::16.144pt::197.73476pt.
[134


]
l2hSize :tex2html_wrap_indisplay6740:16.50012pt::16.50012pt::59.85127pt.
[135


]
l2hSize :tex2html_wrap_indisplay6746:13.70952pt::13.70952pt::31.74178pt.
[136


]
l2hSize :tex2html_wrap_inline6748:8.94843pt::8.94843pt::43.18474pt.
[137


]
l2hSize :tex2html_wrap_inline6750:9.42534pt::9.42534pt::43.1389pt.
[138


]
l2hSize :tex2html_wrap_inline6752:6.45831pt::0.0pt::24.54854pt.
[139


]
l2hSize :tex2html_wrap_inline6754:8.0pt::8.0pt::25.50005pt.
[140


]
l2hSize :tex2html_wrap_indisplay6757:15.0001pt::15.0001pt::38.4084pt.
[141


]
l2hSize :tex2html_wrap_indisplay6761:23.99986pt::23.99986pt::51.72296pt.
[142


]
l2hSize :tex2html_wrap_indisplay6765:24.88872pt::24.88872pt::70.9704pt.
[143


]
l2hSize :tex2html_wrap_indisplay6769:14.65291pt::14.65291pt::67.43835pt.
[144


]
l2hSize :tex2html_wrap_indisplay6771:16.50012pt::16.50012pt::127.79189pt.
[145


]
l2hSize :tex2html_wrap_indisplay6773:14.65291pt::14.65291pt::100.41531pt.
[146


]
l2hSize :tex2html_wrap_indisplay6776:9.14003pt::9.14003pt::10.1667pt.
[147


]
l2hSize :tex2html_wrap_indisplay6780:18.00014pt::18.00014pt::126.04631pt.
[148


]
l2hSize :tex2html_wrap_indisplay6784:16.50012pt::16.50012pt::93.6956pt.
[149


]
l2hSize :tex2html_wrap_indisplay6788:14.11122pt::14.11122pt::82.77805pt.
[150


]
l2hSize :figure372:6.83331pt::0.0pt::349.0pt.
[151


]
l2hSize :tex2html_wrap_inline6790:6.83331pt::0.0pt::8.17018pt.
[152


]
l2hSize :tex2html_wrap_inline6794:7.33331pt::7.33331pt::12.57906pt.
[153


]
l2hSize :tex2html_wrap_inline6796:7.33331pt::7.33331pt::12.57906pt.
[154


]
l2hSize :tex2html_wrap_indisplay6799:14.11122pt::14.11122pt::86.64505pt.
[155


]
l2hSize :tex2html_wrap_indisplay6801:9.14003pt::9.14003pt::31.27773pt.
[156


]
l2hSize :tex2html_wrap_indisplay6803:14.11122pt::14.11122pt::86.64505pt.
[157


]
l2hSize :tex2html_wrap_indisplay6805:16.50012pt::16.50012pt::79.28314pt.
[158


]
l2hSize :tex2html_wrap_indisplay6809:18.11703pt::18.11703pt::89.83875pt.
[159


]
l2hSize :tex2html_wrap_indisplay6811:22.4001pt::22.4001pt::58.61809pt.
[160


]
l2hSize :tex2html_wrap_indisplay6815:22.4001pt::22.4001pt::62.60422pt.
[161


]
l2hSize :tex2html_wrap_indisplay6817:11.57062pt::11.57062pt::53.08675pt.
[162


]
l2hSize :tex2html_wrap_inline6819:10.93994pt::10.93994pt::32.91074pt.
[163


]
l2hSize :tex2html_wrap_indisplay6821:15.94382pt::15.94382pt::70.20068pt.
[164


]
l2hSize :tex2html_wrap_indisplay6823:13.70952pt::13.70952pt::27.89455pt.
[165


]
l2hSize :tex2html_wrap_indisplay6830:15.22734pt::15.22734pt::50.05634pt.
[166


]
l2hSize :tex2html_wrap_indisplay6834:16.15013pt::16.15013pt::107.84866pt.
[167


]
l2hSize :tex2html_wrap_indisplay6836:16.15013pt::16.15013pt::46.07022pt.
[168


]
l2hSize :tex2html_wrap_indisplay6838:15.22734pt::15.22734pt::50.05634pt.
[169


]
l2hSize :tex2html_wrap_indisplay6842:15.22734pt::15.22734pt::44.93193pt.
[170


]
l2hSize :tex2html_wrap_indisplay6846:18.13681pt::18.13681pt::118.01744pt.
[171


]
l2hSize :tex2html_wrap_indisplay6850:16.15013pt::16.15013pt::35.96602pt.
[172


]
l2hSize :tex2html_wrap_inline6852:8.0pt::8.0pt::68.37646pt.
[173


]
l2hSize :tex2html_wrap_inline6854:8.0pt::8.0pt::67.5757pt.
[174


]
l2hSize :tex2html_wrap_indisplay6856:8.0pt::8.0pt::220.32469pt.
[175


]
l2hSize :tex2html_wrap_inline6858:6.45831pt::0.0pt::4.82759pt.
[176


]
l2hSize :tex2html_wrap_indisplay6860:14.65291pt::14.65291pt::270.01733pt.
[177


]
l2hSize :tex2html_wrap_inline6864:8.64003pt::8.64003pt::50.63928pt.
[178


]
l2hSize :tex2html_wrap_indisplay6866:14.76508pt::14.76508pt::103.2613pt.
[179


]
l2hSize :tex2html_wrap_indisplay6869:9.14003pt::9.14003pt::50.63928pt.
[180


]
l2hSize :tex2html_wrap_indisplay6873:14.76508pt::14.76508pt::70.8056pt.
[181


]
l2hSize :tex2html_wrap_indisplay6877:13.70952pt::13.70952pt::100.1029pt.
[182


]
l2hSize :tex2html_wrap_indisplay6881:13.70952pt::13.70952pt::68.0499pt.
[183


]
l2hSize :tex2html_wrap_indisplay6885:13.70952pt::13.70952pt::43.42773pt.
[184


]
l2hSize :tex2html_wrap_inline6887:8.01782pt::8.01782pt::19.9561pt.
[185


]
l2hSize :tex2html_wrap_inline6889:8.0pt::8.0pt::33.27785pt.
[186


]
l2hSize :tex2html_wrap_indisplay6891:8.0pt::8.0pt::102.82318pt.
[187


]
l2hSize :tex2html_wrap_indisplay6894:8.51782pt::8.51782pt::36.85338pt.
[188


]
l2hSize :tex2html_wrap_indisplay6898:14.65291pt::14.65291pt::64.80685pt.
[189


]
l2hSize :tex2html_wrap_indisplay6902:14.65291pt::14.65291pt::129.54065pt.
[190


]
l2hSize :tex2html_wrap_indisplay6906:8.0pt::8.0pt::76.77467pt.
[191


]
l2hSize :tex2html_wrap_indisplay6910:8.0pt::8.0pt::55.94217pt.
[192


]
l2hSize :tex2html_wrap_indisplay6913:8.51782pt::8.51782pt::39.15894pt.
[193


]
l2hSize :tex2html_wrap_indisplay6917:8.51782pt::8.51782pt::75.48854pt.
[194


]
l2hSize :tex2html_wrap_indisplay6921:8.51782pt::8.51782pt::110.919pt.
[195


]
l2hSize :tex2html_wrap_indisplay6925:9.14003pt::9.14003pt::98.1829pt.
[196


]
l2hSize :tex2html_wrap_indisplay6929:9.14003pt::9.14003pt::25.49455pt.
[197


]
l2hSize :tex2html_wrap_inline6931:8.64003pt::8.64003pt::39.29167pt.
[198


]
l2hSize :tex2html_wrap_indisplay6934:8.51782pt::8.51782pt::37.56404pt.
[199


]
l2hSize :tex2html_wrap_indisplay6938:8.0pt::8.0pt::70.4182pt.
[200


]
l2hSize :tex2html_wrap_indisplay6940:8.0pt::8.0pt::26.00844pt.
[201


]
l2hSize :tex2html_wrap_indisplay6944:9.14003pt::9.14003pt::47.4042pt.
[202


]
l2hSize :tex2html_wrap_indisplay6946:8.0pt::8.0pt::26.00844pt.
[203


]
l2hSize :tex2html_wrap_indisplay6950:9.14003pt::9.14003pt::30.18205pt.
[204


]
l2hSize :tex2html_wrap_indisplay6952:13.70952pt::13.70952pt::12.07365pt.
[205


]
l2hSize :tex2html_wrap_indisplay6958:13.70952pt::13.70952pt::50.4014pt.
[206


]
l2hSize :tex2html_wrap_inline6960:8.01782pt::8.01782pt::87.03355pt.
[207


]
l2hSize :tex2html_wrap_indisplay6965:8.0pt::8.0pt::39.49115pt.
[208


]
l2hSize :tex2html_wrap_indisplay6969:18.51115pt::18.51115pt::112.77571pt.
[209


]
l2hSize :tex2html_wrap_indisplay6973:9.14003pt::9.14003pt::202.21077pt.
[210


]
l2hSize :tex2html_wrap_inline6981:7.44444pt::7.44444pt::23.16083pt.
[211


]
l2hSize :tex2html_wrap_indisplay6983:13.70952pt::13.70952pt::84.00975pt.
[212


]
l2hSize :tex2html_wrap_inline6985:6.45831pt::0.0pt::27.4965pt.
[213


]
l2hSize :tex2html_wrap_indisplay6988:8.0pt::8.0pt::39.08604pt.
[214


]
l2hSize :tex2html_wrap_indisplay6992:14.65291pt::14.65291pt::69.34508pt.
[215


]
l2hSize :tex2html_wrap_indisplay6996:14.65291pt::14.65291pt::81.49702pt.
[216


]
l2hSize :tex2html_wrap_indisplay7000:13.70952pt::13.70952pt::36.41808pt.
[217


]
l2hSize :tex2html_wrap_indisplay7004:13.70952pt::13.70952pt::96.82152pt.
[218


]
l2hSize :tex2html_wrap_inline7006:8.0pt::8.0pt::57.43558pt.
[219


]
l2hSize :tex2html_wrap_indisplay7009:8.0pt::8.0pt::57.43558pt.
[220


]
l2hSize :tex2html_wrap_indisplay7013:18.00014pt::18.00014pt::66.01602pt.
[221


]
l2hSize :tex2html_wrap_indisplay7017:15.4051pt::15.4051pt::42.2236pt.
[222


]
l2hSize :tex2html_wrap_indisplay7021:14.20952pt::14.20952pt::34.30276pt.
[223


]
l2hSize :tex2html_wrap_inline7025:8.0pt::8.0pt::20.99312pt.
[224


]
l2hSize :tex2html_wrap_inline7027:8.0pt::8.0pt::56.67494pt.
[225


]
l2hSize :tex2html_wrap_inline7029:8.0pt::8.0pt::67.87413pt.
[226


]
l2hSize :tex2html_wrap_inline7033:8.64003pt::8.64003pt::48.62654pt.
[227


]
l2hSize :tex2html_wrap_indisplay7037:9.14003pt::9.14003pt::139.69638pt.
[228


]
l2hSize :tex2html_wrap_inline7039:8.0pt::8.0pt::20.78479pt.
[229


]
l2hSize :tex2html_wrap_inline7047:8.64003pt::8.64003pt::48.41821pt.
[230


]
l2hSize :tex2html_wrap_inline7051:8.64003pt::8.64003pt::79.11261pt.
[231


]
l2hSize :tex2html_wrap_indisplay7053:15.0001pt::15.0001pt::63.59586pt.
[232


]
l2hSize :tex2html_wrap_indisplay7055:11.57062pt::11.57062pt::93.31245pt.
[233


]
l2hSize :tex2html_wrap_indisplay7057:15.0001pt::15.0001pt::110.71523pt.
[234


]
l2hSize :tex2html_wrap_inline7059:8.0pt::8.0pt::81.50636pt.
[235


]
l2hSize :tex2html_wrap_inline7061:8.0pt::8.0pt::47.7118pt.
[236


]
l2hSize :tex2html_wrap_inline7065:6.95831pt::6.95831pt::5.6285pt.
[237


]
l2hSize :tex2html_wrap_inline7071:8.0pt::8.0pt::47.7118pt.
[238


]
l2hSize :tex2html_wrap_inline7079:8.0pt::8.0pt::74.60912pt.
[239


]
l2hSize :tex2html_wrap_indisplay7089:24.59993pt::24.59993pt::149.33865pt.
[240


]
l2hSize :tex2html_wrap_indisplay7092:8.0pt::8.0pt::33.91469pt.
[241


]
l2hSize :tex2html_wrap_indisplay7096:14.65291pt::14.65291pt::64.17372pt.
[242


]
l2hSize :tex2html_wrap_indisplay7100:14.65291pt::14.65291pt::47.65634pt.
[243


]
l2hSize :tex2html_wrap_indisplay7104:15.54181pt::15.54181pt::40.68484pt.
[244


]
l2hSize :tex2html_wrap_indisplay7108:13.70952pt::13.70952pt::7.90004pt.
[245


]
l2hSize :tex2html_wrap_indisplay7110:13.70952pt::13.70952pt::43.13055pt.
[246


]
l2hSize :tex2html_wrap_indisplay7116:13.70952pt::13.70952pt::41.51802pt.
[247


]
l2hSize :tex2html_wrap_indisplay7128:8.0pt::8.0pt::129.48058pt.
[248


]
l2hSize :tex2html_wrap_inline7134:8.0pt::8.0pt::51.98611pt.
[249


]
l2hSize :tex2html_wrap_indisplay7138:15.54181pt::15.54181pt::226.77682pt.
[250


]
l2hSize :tex2html_wrap_inline7140:8.0pt::8.0pt::65.31384pt.
[251


]
l2hSize :tex2html_wrap_inline7142:6.45831pt::0.0pt::30.74298pt.
[252


]
l2hSize :tex2html_wrap_inline7144:8.0pt::8.0pt::56.98056pt.
[253


]
l2hSize :tex2html_wrap_inline7156:8.0pt::8.0pt::64.39107pt.
[254


]
l2hSize :tex2html_wrap_indisplay7158:11.57062pt::11.57062pt::64.52835pt.
[255


]
l2hSize :tex2html_wrap_inline7162:8.0pt::8.0pt::39.11803pt.
[256


]
l2hSize :tex2html_wrap_inline7164:8.64003pt::8.64003pt::43.29164pt.
[257


]
l2hSize :tex2html_wrap_inline7166:8.0pt::8.0pt::63.95024pt.
[258


]
l2hSize :tex2html_wrap_inline7168:8.0pt::8.0pt::59.39124pt.
[259


]
l2hSize :tex2html_wrap_inline7170:10.59998pt::10.59998pt::52.84013pt.
[260


]
l2hSize :tex2html_wrap_inline7174:8.0pt::8.0pt::20.77437pt.
[261


]
l2hSize :tex2html_wrap_inline7176:8.0pt::8.0pt::20.87088pt.
[262


]
l2hSize :tex2html_wrap_inline7178:8.0pt::8.0pt::70.04309pt.
[263


]
l2hSize :tex2html_wrap_inline7180:8.0pt::8.0pt::54.53496pt.
[264


]
l2hSize :tex2html_wrap_inline7182:8.0pt::8.0pt::19.2501pt.
[265


]
l2hSize :tex2html_wrap_indisplay7184:8.33334pt::8.33334pt::132.42018pt.
[266


]
l2hSize :tex2html_wrap_indisplay7186:8.51782pt::8.51782pt::108.50836pt.
[267


]
l2hSize :tex2html_wrap_indisplay7188:8.51782pt::8.51782pt::85.08826pt.
[268


]
l2hSize :tex2html_wrap_inline7190:8.01782pt::8.01782pt::20.66676pt.
[269


]
l2hSize :tex2html_wrap_indisplay7192:8.5pt::8.5pt::138.05916pt.
[270


]
l2hSize :tex2html_wrap_inline7196:6.45831pt::0.0pt::22.44438pt.
[271


]
l2hSize :tex2html_wrap_inline7200:8.0pt::8.0pt::59.98056pt.
[272


]
l2hSize :tex2html_wrap_inline7202:8.0pt::8.0pt::61.24666pt.
[273


]
l2hSize :tex2html_wrap_indisplay7204:8.0pt::8.0pt::97.27426pt.
[274


]
l2hSize :tex2html_wrap_inline7210:8.0pt::8.0pt::52.8821pt.
[275


]
l2hSize :tex2html_wrap_indisplay7212:8.33334pt::8.33334pt::100.33688pt.
[276


]
l2hSize :tex2html_wrap_indisplay7225:9.14003pt::9.14003pt::87.40218pt.
[277


]
l2hSize :tex2html_wrap_indisplay7229:9.14003pt::9.14003pt::115.0356pt.
[278


]
l2hSize :tex2html_wrap_indisplay7233:8.0pt::8.0pt::53.03476pt.
[279


]
l2hSize :tex2html_wrap_indisplay7235:15.0001pt::15.0001pt::102.72774pt.
[280


]
l2hSize :tex2html_wrap_indisplay7237:13.70952pt::13.70952pt::68.42769pt.
[281


]
l2hSize :tex2html_wrap_indisplay7239:13.70952pt::13.70952pt::106.8455pt.
[282


]
l2hSize :tex2html_wrap_indisplay7246:15.0001pt::15.0001pt::209.74565pt.
[283


]
l2hSize :tex2html_wrap_indisplay7250:9.14003pt::9.14003pt::104.64955pt.
[284


]
l2hSize :displaymath7252:31.00023pt::0.0pt::349.0pt.
[285


]
l2hSize :tex2html_wrap_indisplay7255:8.51782pt::8.51782pt::47.94821pt.
[286


]
l2hSize :tex2html_wrap_indisplay7259:9.14003pt::9.14003pt::29.56055pt.
[287


]
l2hSize :tex2html_wrap_indisplay7261:8.51782pt::8.51782pt::64.84549pt.
[288


]
l2hSize :tex2html_wrap_indisplay7265:13.70952pt::13.70952pt::24.80968pt.
[289


]
l2hSize :tex2html_wrap_indisplay7267:8.0pt::8.0pt::93.65741pt.
[290


]
l2hSize :tex2html_wrap_indisplay7273:8.0pt::8.0pt::80.61801pt.
[291


]
l2hSize :tex2html_wrap_indisplay7279:8.0pt::8.0pt::20.99312pt.
[292


]
l2hSize :tex2html_wrap_indisplay7283:13.70952pt::13.70952pt::62.27493pt.
[293


]
l2hSize :tex2html_wrap_indisplay7289:13.70952pt::13.70952pt::69.11926pt.
[294


]
l2hSize :tex2html_wrap_indisplay7294:9.14003pt::9.14003pt::48.62654pt.
[295


]
l2hSize :tex2html_wrap_indisplay7298:15.0001pt::15.0001pt::142.71938pt.
[296


]
l2hSize :tex2html_wrap_indisplay7300:8.0pt::8.0pt::17.15054pt.
[297


]
l2hSize :tex2html_wrap_indisplay7304:9.14003pt::9.14003pt::44.82645pt.
[298


]
l2hSize :tex2html_wrap_inline7306:8.64003pt::8.64003pt::49.6609pt.
[299


]
l2hSize :tex2html_wrap_inline7310:8.99002pt::8.99002pt::58.75043pt.
[300


]
l2hSize :tex2html_wrap_inline7314:8.99002pt::8.99002pt::47.35576pt.
[301


]
l2hSize :tex2html_wrap_inline7318:8.0pt::8.0pt::38.52777pt.
[302


]
l2hSize :tex2html_wrap_indisplay7324:9.49002pt::9.49002pt::98.71672pt.
[303


]
l2hSize :tex2html_wrap_inline7326:8.0pt::8.0pt::68.37646pt.
[304


]
l2hSize :tex2html_wrap_indisplay7328:12.00008pt::12.00008pt::197.41953pt.
[305


]
l2hSize :tex2html_wrap_indisplay7330:14.65291pt::14.65291pt::283.93562pt.
[306


]
l2hSize :tex2html_wrap_inline7338:8.0pt::8.0pt::11.57645pt.
[307


]
l2hSize :tex2html_wrap_inline7348:7.44444pt::7.44444pt::24.35411pt.
[308


]
l2hSize :tex2html_wrap_indisplay7352:9.49002pt::9.49002pt::124.97183pt.
[309


]
l2hSize :tex2html_wrap_inline7354:7.44444pt::7.44444pt::43.17345pt.
[310


]
l2hSize :tex2html_wrap_inline7358:7.44444pt::7.44444pt::22.93051pt.
[311


]
l2hSize :tex2html_wrap_indisplay7364:9.00005pt::9.00005pt::66.32317pt.
[312


]
l2hSize :tex2html_wrap_indisplay7371:15.00012pt::15.00012pt::80.41698pt.
[313


]
l2hSize :tex2html_wrap_indisplay7375:15.00012pt::15.00012pt::63.01546pt.
[314


]
l2hSize :tex2html_wrap_indisplay7379:13.0984pt::13.0984pt::58.3594pt.
[315


]
l2hSize :tex2html_wrap_indisplay7381:18.00014pt::18.00014pt::72.4848pt.
[316


]
l2hSize :tex2html_wrap_indisplay7388:18.00014pt::18.00014pt::82.6626pt.
[317


]
l2hSize :tex2html_wrap_indisplay7392:18.00014pt::18.00014pt::87.253pt.
[318


]
l2hSize :tex2html_wrap_indisplay7396:13.70952pt::13.70952pt::28.16052pt.
[319


]
l2hSize :tex2html_wrap_indisplay7398:15.0001pt::15.0001pt::90.50552pt.
[320


]
l2hSize :tex2html_wrap_indisplay7405:18.00014pt::18.00014pt::89.70695pt.
[321


]
l2hSize :tex2html_wrap_indisplay7409:18.00014pt::18.00014pt::89.70695pt.
[322


]
l2hSize :tex2html_wrap_indisplay7413:18.00014pt::18.00014pt::196.13603pt.
[323


]
l2hSize :tex2html_wrap_indisplay7417:18.00014pt::18.00014pt::207.49464pt.
[324


]
l2hSize :tex2html_wrap_indisplay7421:13.70952pt::13.70952pt::124.49069pt.
[325


]
l2hSize :tex2html_wrap_inline7427:8.0pt::8.0pt::60.73604pt.
[326


]
l2hSize :displaymath7431:37.00029pt::0.0pt::349.0pt.
[327


]
l2hSize :tex2html_wrap_inline7435:8.0pt::8.0pt::56.85518pt.
[328


]
l2hSize :tex2html_wrap_inline7437:6.95831pt::6.95831pt::22.73026pt.
[329


]
l2hSize :tex2html_wrap_inline7439:8.0pt::8.0pt::68.93047pt.
[330


]
l2hSize :displaymath7443:37.00029pt::0.0pt::349.0pt.
[331


]
l2hSize :figure911:6.83331pt::0.0pt::349.0pt.
[332


]
l2hSize :tex2html_wrap_inline7445:8.0pt::8.0pt::38.52194pt.
[333


]
l2hSize :tex2html_wrap_inline7451:8.0pt::8.0pt::20.78592pt.
[334


]
l2hSize :tex2html_wrap_inline7453:8.0pt::8.0pt::103.74536pt.
[335


]
l2hSize :displaymath7455:37.00029pt::0.0pt::349.0pt.
[336


]
l2hSize :figure921:6.83331pt::0.0pt::349.0pt.
[337


]
l2hSize :displaymath7457:37.00029pt::0.0pt::349.0pt.
[338


]
l2hSize :tex2html_wrap_indisplay7460:8.0pt::8.0pt::17.8612pt.
[339


]
l2hSize :displaymath7464:37.00029pt::0.0pt::349.0pt.
[340


]
l2hSize :tex2html_wrap_indisplay7468:8.0pt::8.0pt::151.17339pt.
[341


]
l2hSize :displaymath7470:50.19984pt::0.0pt::349.0pt.
[342


]
l2hSize :tex2html_wrap_indisplay7472:8.0pt::8.0pt::255.46368pt.
[343


]
l2hSize :tex2html_wrap_indisplay7474:15.22734pt::15.22734pt::90.67068pt.
[344


]
l2hSize :tex2html_wrap_indisplay7477:8.0pt::8.0pt::55.41922pt.
[345


]
l2hSize :tex2html_wrap_indisplay7481:14.65291pt::14.65291pt::85.67825pt.
[346


]
l2hSize :tex2html_wrap_indisplay7485:23.98895pt::23.98895pt::114.51125pt.
[347


]
l2hSize :tex2html_wrap_indisplay7489:14.65291pt::14.65291pt::47.65634pt.
[348


]
l2hSize :tex2html_wrap_indisplay7493:15.54181pt::15.54181pt::40.68484pt.
[349


]
l2hSize :tex2html_wrap_indisplay7497:15.22734pt::15.22734pt::22.41827pt.
[350


]
l2hSize :tex2html_wrap_inline7503:8.49002pt::0.0pt::13.0973pt.
[351


]
l2hSize :tex2html_wrap_inline7509:6.95831pt::6.95831pt::24.11916pt.
[352


]
l2hSize :tex2html_wrap_indisplay7511:8.96227pt::8.96227pt::143.42465pt.
[353


]
l2hSize :tex2html_wrap_indisplay7513:9.14003pt::9.14003pt::154.1608pt.
[354


]
l2hSize :tex2html_wrap_indisplay7516:8.0pt::8.0pt::90.28842pt.
[355


]
l2hSize :tex2html_wrap_indisplay7520:14.65291pt::14.65291pt::130.47455pt.
[356


]
l2hSize :tex2html_wrap_indisplay7524:14.65291pt::14.65291pt::185.36073pt.
[357


]
l2hSize :tex2html_wrap_indisplay7528:16.36664pt::16.36664pt::85.88188pt.
[358


]
l2hSize :tex2html_wrap_indisplay7532:14.65291pt::14.65291pt::87.67825pt.
[359


]
l2hSize :tex2html_wrap_indisplay7536:14.65291pt::14.65291pt::92.13654pt.
[360


]
l2hSize :tex2html_wrap_indisplay7540:8.96227pt::8.96227pt::54.27673pt.
[361


]
l2hSize :tex2html_wrap_indisplay7544:8.96227pt::8.96227pt::40.30304pt.
[362


]
l2hSize :tex2html_wrap_inline7548:8.0pt::8.0pt::36.19444pt.
[363


]
l2hSize :tex2html_wrap_indisplay7550:15.22734pt::15.22734pt::230.89388pt.
[364


]
l2hSize :tex2html_wrap_indisplay7554:8.0pt::8.0pt::58.74446pt.
[365


]
l2hSize :tex2html_wrap_inline7558:6.95831pt::6.95831pt::21.3333pt.
[366


]
l2hSize :tex2html_wrap_indisplay7561:8.0pt::8.0pt::59.03033pt.
[367


]
l2hSize :tex2html_wrap_indisplay7565:8.0pt::8.0pt::100.96657pt.
[368


]
l2hSize :tex2html_wrap_indisplay7569:8.0pt::8.0pt::155.59988pt.
[369


]
l2hSize :tex2html_wrap_indisplay7573:15.4051pt::15.4051pt::60.85564pt.
[370


]
l2hSize :displaymath7577:50.19984pt::0.0pt::349.0pt.
[371


]
l2hSize :tex2html_wrap_indisplay7586:8.0pt::8.0pt::155.13846pt.
[372


]
l2hSize :tex2html_wrap_indisplay7592:8.0pt::8.0pt::181.80504pt.
[373


]
l2hSize :tex2html_wrap_indisplay7599:8.0pt::8.0pt::219.99687pt.
[374


]
l2hSize :tex2html_wrap_indisplay7603:15.4051pt::15.4051pt::71.49164pt.
[375


]
l2hSize :tex2html_wrap_indisplay7605:9.14003pt::9.14003pt::63.23059pt.
[376


]
l2hSize :tex2html_wrap_inline7607:8.14003pt::0.0pt::8.59727pt.
[377


]
l2hSize :tex2html_wrap_indisplay7614:12.00008pt::12.00008pt::144.89702pt.
[378


]
l2hSize :tex2html_wrap_indisplay7618:12.00008pt::12.00008pt::198.69693pt.
[379


]
l2hSize :tex2html_wrap_indisplay7622:12.00008pt::12.00008pt::270.5524pt.
[380


]
l2hSize :tex2html_wrap_indisplay7626:15.4051pt::15.4051pt::104.64453pt.
[381


]
l2hSize :tex2html_wrap_indisplay7630:15.0001pt::15.0001pt::96.04723pt.
[382


]
l2hSize :tex2html_wrap_indisplay7638:8.96227pt::8.96227pt::157.39835pt.
[383


]
l2hSize :tex2html_wrap_indisplay7641:8.0pt::8.0pt::72.7804pt.
[384


]
l2hSize :tex2html_wrap_indisplay7645:14.65291pt::14.65291pt::103.03943pt.
[385


]
l2hSize :tex2html_wrap_indisplay7649:14.65291pt::14.65291pt::65.01752pt.
[386


]
l2hSize :tex2html_wrap_indisplay7653:14.65291pt::14.65291pt::102.06126pt.
[387


]
l2hSize :tex2html_wrap_indisplay7657:16.36664pt::16.36664pt::110.77634pt.
[388


]
l2hSize :tex2html_wrap_indisplay7661:8.96227pt::8.96227pt::67.89586pt.
[389


]
l2hSize :tex2html_wrap_indisplay7665:9.14003pt::9.14003pt::89.89719pt.
[390


]
l2hSize :tex2html_wrap_indisplay7672:12.00008pt::12.00008pt::107.71661pt.
[391


]
l2hSize :tex2html_wrap_indisplay7676:9.14003pt::9.14003pt::91.05003pt.
[392


]
l2hSize :tex2html_wrap_indisplay7680:15.0001pt::15.0001pt::96.04723pt.
[393


]
l2hSize :tex2html_wrap_indisplay7682:16.144pt::16.144pt::70.07901pt.
[394


]
l2hSize :tex2html_wrap_inline7684:7.4512pt::7.4512pt::26.44661pt.
[395


]
l2hSize :tex2html_wrap_indisplay7686:11.57062pt::11.57062pt::142.94977pt.
[396


]
l2hSize :tex2html_wrap_indisplay7693:15.0001pt::15.0001pt::139.78989pt.
[397


]
l2hSize :tex2html_wrap_indisplay7697:12.00008pt::12.00008pt::123.1067pt.
[398


]
l2hSize :tex2html_wrap_indisplay7701:12.00008pt::12.00008pt::89.06204pt.
[399


]
l2hSize :tex2html_wrap_indisplay7703:16.144pt::16.144pt::85.50551pt.
[400


]
l2hSize :tex2html_wrap_indisplay7705:13.70952pt::13.70952pt::125.38011pt.
[401


]
l2hSize :tex2html_wrap_indisplay7712:16.144pt::16.144pt::83.90506pt.
[402


]
l2hSize :tex2html_wrap_indisplay7716:15.0001pt::15.0001pt::140.30377pt.
[403


]
l2hSize :tex2html_wrap_indisplay7718:6.95831pt::6.95831pt::8.27783pt.
[404


]
l2hSize :tex2html_wrap_indisplay7720:15.0001pt::15.0001pt::140.30377pt.
[405


]
l2hSize :tex2html_wrap_indisplay7724:11.57639pt::11.57639pt::88.57452pt.
[406


]
l2hSize :tex2html_wrap_indisplay7726:16.144pt::16.144pt::90.50552pt.
[407


]
l2hSize :tex2html_wrap_inline7728:8.64003pt::8.64003pt::53.80548pt.
[408


]
l2hSize :tex2html_wrap_indisplay7738:18.00014pt::18.00014pt::89.70695pt.
[409


]
l2hSize :tex2html_wrap_indisplay7742:18.00014pt::18.00014pt::115.07889pt.
[410


]
l2hSize :tex2html_wrap_indisplay7746:18.00014pt::18.00014pt::204.28581pt.
[411


]
l2hSize :tex2html_wrap_indisplay7749:18.00014pt::18.00014pt::188.15619pt.
[412


]
l2hSize :tex2html_wrap_indisplay7752:18.00014pt::18.00014pt::190.5259pt.
[413


]
l2hSize :tex2html_wrap_indisplay7759:12.00008pt::12.00008pt::162.28288pt.
[414


]
l2hSize :tex2html_wrap_indisplay7761:6.95831pt::6.95831pt::8.27783pt.
[415


]
l2hSize :tex2html_wrap_indisplay7763:13.70952pt::13.70952pt::169.6526pt.
[416


]
l2hSize :tex2html_wrap_indisplay7767:13.70952pt::13.70952pt::154.40128pt.
[417


]
l2hSize :tex2html_wrap_indisplay7769:16.144pt::16.144pt::101.7456pt.
[418


]
l2hSize :tex2html_wrap_indisplay7776:18.00014pt::18.00014pt::211.68582pt.
[419


]
l2hSize :tex2html_wrap_indisplay7780:12.00008pt::12.00008pt::175.0607pt.
[420


]
l2hSize :tex2html_wrap_indisplay7784:13.70952pt::13.70952pt::169.6526pt.
[421


]
l2hSize :tex2html_wrap_indisplay7788:13.70952pt::13.70952pt::253.458pt.
[422


]
l2hSize :tex2html_wrap_inline7790:6.6428pt::0.0pt::9.55447pt.
[423


]
l2hSize :tex2html_wrap_inline7792:8.0pt::8.0pt::45.91673pt.
[424


]
l2hSize :tex2html_wrap_indisplay7798:8.0pt::8.0pt::108.87318pt.
[425


]
l2hSize :tex2html_wrap_indisplay7800:9.14003pt::9.14003pt::59.25041pt.
[426


]
l2hSize :tex2html_wrap_inline7802:6.45831pt::0.0pt::24.83562pt.
[427


]
l2hSize :tex2html_wrap_indisplay7809:9.4167pt::9.4167pt::92.41708pt.
[428


]
l2hSize :tex2html_wrap_indisplay7813:16.41681pt::16.41681pt::49.12921pt.
[429


]
l2hSize :tex2html_wrap_indisplay7817:15.4051pt::15.4051pt::44.29585pt.
[430


]
l2hSize :tex2html_wrap_indisplay7819:9.14003pt::9.14003pt::73.20782pt.
[431


]
l2hSize :tex2html_wrap_indisplay7828:10.55673pt::10.55673pt::91.01341pt.
[432


]
l2hSize :tex2html_wrap_indisplay7832:9.4167pt::9.4167pt::97.35718pt.
[433


]
l2hSize :tex2html_wrap_indisplay7836:16.41681pt::16.41681pt::81.26804pt.
[434


]
l2hSize :tex2html_wrap_indisplay7840:15.4051pt::15.4051pt::68.4694pt.
[435


]
l2hSize :tex2html_wrap_indisplay7842:14.65291pt::14.65291pt::85.26541pt.
[436


]
l2hSize :tex2html_wrap_indisplay7847:8.0pt::8.0pt::54.79457pt.
[437


]
l2hSize :tex2html_wrap_indisplay7851:14.65291pt::14.65291pt::76.23763pt.
[438


]
l2hSize :tex2html_wrap_indisplay7855:16.41681pt::16.41681pt::73.53203pt.
[439


]
l2hSize :tex2html_wrap_indisplay7859:15.4051pt::15.4051pt::41.55974pt.
[440


]
l2hSize :tex2html_wrap_indisplay7861:15.4051pt::15.4051pt::143.05765pt.
[441


]
l2hSize :tex2html_wrap_inline7863:6.45831pt::0.0pt::23.52077pt.
[442


]
l2hSize :tex2html_wrap_indisplay7865:14.65291pt::14.65291pt::119.60979pt.
[443


]
l2hSize :tex2html_wrap_inline7867:6.45831pt::0.0pt::24.83562pt.
[444


]
l2hSize :tex2html_wrap_indisplay7873:13.70952pt::13.70952pt::97.09598pt.
[445


]
l2hSize :tex2html_wrap_indisplay7875:15.0001pt::15.0001pt::84.68156pt.
[446


]
l2hSize :tex2html_wrap_indisplay7877:15.0001pt::15.0001pt::131.59117pt.
[447


]
l2hSize :tex2html_wrap_indisplay7884:18.00014pt::18.00014pt::118.49837pt.
[448


]
l2hSize :tex2html_wrap_indisplay7888:15.0001pt::15.0001pt::111.75279pt.
[449


]
l2hSize :tex2html_wrap_indisplay7892:15.0001pt::15.0001pt::110.81932pt.
[450


]
l2hSize :tex2html_wrap_indisplay7896:15.22734pt::15.22734pt::45.5042pt.
[451


]
l2hSize :tex2html_wrap_indisplay7900:14.76508pt::14.76508pt::42.41747pt.
[452


]
l2hSize :tex2html_wrap_indisplay7910:14.76508pt::14.76508pt::42.54602pt.
[453


]
l2hSize :tex2html_wrap_indisplay7912:15.0001pt::15.0001pt::109.5485pt.
[454


]
l2hSize :tex2html_wrap_indisplay7914:14.76508pt::14.76508pt::116.49013pt.
[455


]
l2hSize :tex2html_wrap_indisplay7916:9.4167pt::9.4167pt::234.75537pt.
[456


]
l2hSize :tex2html_wrap_indisplay7918:14.65291pt::14.65291pt::157.5211pt.
[457


]
l2hSize :tex2html_wrap_indisplay7920:15.0001pt::15.0001pt::75.63058pt.
[458


]
l2hSize :tex2html_wrap_inline7924:8.0pt::8.0pt::74.93542pt.
[459


]
l2hSize :tex2html_wrap_indisplay7926:15.0001pt::15.0001pt::55.21977pt.
[460


]
l2hSize :tex2html_wrap_indisplay7928:13.70952pt::13.70952pt::62.91379pt.
[461


]
l2hSize :tex2html_wrap_indisplay7935:14.65291pt::14.65291pt::61.40121pt.
[462


]
l2hSize :tex2html_wrap_indisplay7939:15.54181pt::15.54181pt::59.90874pt.
[463


]
l2hSize :tex2html_wrap_indisplay7943:11.57062pt::11.57062pt::68.78435pt.
[464


]
l2hSize :tex2html_wrap_indisplay7945:15.4051pt::15.4051pt::76.9174pt.
[465


]
l2hSize :tex2html_wrap_indisplay7947:9.14003pt::9.14003pt::76.25694pt.
[466


]
l2hSize :tex2html_wrap_indisplay7950:15.0001pt::15.0001pt::43.8251pt.
[467


]
l2hSize :tex2html_wrap_indisplay7954:15.0001pt::15.0001pt::111.1506pt.
[468


]
l2hSize :tex2html_wrap_indisplay7958:15.54181pt::15.54181pt::63.22417pt.
[469


]
l2hSize :tex2html_wrap_indisplay7962:15.0001pt::15.0001pt::50.38152pt.
[470


]
l2hSize :tex2html_wrap_indisplay7964:15.4051pt::15.4051pt::156.52103pt.
[471


]
l2hSize :tex2html_wrap_inline7966:7.96227pt::0.0pt::32.3819pt.
[472


]
l2hSize :tex2html_wrap_indisplay7968:15.4051pt::15.4051pt::112.21136pt.
[473


]
l2hSize :tex2html_wrap_inline7972:8.0pt::8.0pt::98.79337pt.
[474


]
l2hSize :tex2html_wrap_inline7974:6.83331pt::0.0pt::6.34868pt.
[475


]
l2hSize :tex2html_wrap_inline7976:8.0pt::8.0pt::51.79161pt.
[476


]
l2hSize :tex2html_wrap_indisplay7978:15.94458pt::15.94458pt::165.08775pt.
[477


]
l2hSize :tex2html_wrap_inline7990:7.44444pt::7.44444pt::54.9234pt.
[478


]
l2hSize :tex2html_wrap_inline7992:8.0pt::8.0pt::114.08525pt.
[479


]
l2hSize :tex2html_wrap_inline7994:8.0pt::8.0pt::100.89087pt.
[480


]
l2hSize :tex2html_wrap_inline7996:7.44444pt::7.44444pt::72.99974pt.
[481


]
l2hSize :tex2html_wrap_indisplay7999:8.0pt::8.0pt::40.21182pt.
[482


]
l2hSize :tex2html_wrap_indisplay8003:16.36664pt::16.36664pt::83.1904pt.
[483


]
l2hSize :tex2html_wrap_indisplay8007:16.15013pt::16.15013pt::90.96541pt.
[484


]
l2hSize :tex2html_wrap_indisplay8011:15.94458pt::15.94458pt::80.5557pt.
[485


]
l2hSize :tex2html_wrap_indisplay8015:8.0pt::8.0pt::40.21182pt.
[486


]
l2hSize :tex2html_wrap_inline8019:7.44444pt::7.44444pt::40.22214pt.
[487


]
l2hSize :tex2html_wrap_indisplay8022:8.0pt::8.0pt::43.73053pt.
[488


]
l2hSize :tex2html_wrap_indisplay8026:15.94458pt::15.94458pt::57.07436pt.
[489


]
l2hSize :tex2html_wrap_indisplay8030:16.83348pt::16.83348pt::38.9677pt.
[490


]
l2hSize :tex2html_wrap_indisplay8034:8.0pt::8.0pt::29.25587pt.
[491


]
l2hSize :tex2html_wrap_inline8036:8.43448pt::8.43448pt::39.37154pt.
[492


]
l2hSize :tex2html_wrap_inline8038:8.0pt::8.0pt::59.10648pt.
[493


]
l2hSize :tex2html_wrap_indisplay8041:8.93448pt::8.93448pt::46.87733pt.
[494


]
l2hSize :tex2html_wrap_indisplay8045:15.94458pt::15.94458pt::82.53049pt.
[495


]
l2hSize :tex2html_wrap_indisplay8049:16.83348pt::16.83348pt::130.53552pt.
[496


]
l2hSize :tex2html_wrap_indisplay8053:15.19955pt::15.19955pt::93.06339pt.
[497


]
l2hSize :tex2html_wrap_inline8055:8.0pt::8.0pt::65.23616pt.
[498


]
l2hSize :tex2html_wrap_inline8057:8.0pt::8.0pt::63.42842pt.
[499


]
l2hSize :tex2html_wrap_indisplay8060:8.0pt::8.0pt::97.89725pt.
[500


]
l2hSize :tex2html_wrap_indisplay8064:15.94458pt::15.94458pt::124.24442pt.
[501


]
l2hSize :tex2html_wrap_indisplay8068:15.94458pt::15.94458pt::226.48523pt.
[502


]
l2hSize :tex2html_wrap_indisplay8072:14.76508pt::14.76508pt::97.00229pt.
[503


]
l2hSize :tex2html_wrap_indisplay8074:15.94458pt::15.94458pt::107.84747pt.
[504


]
l2hSize :tex2html_wrap_indisplay8076:14.76508pt::14.76508pt::191.36304pt.
[505


]
l2hSize :tex2html_wrap_indisplay8079:8.0pt::8.0pt::63.46812pt.
[506


]
l2hSize :tex2html_wrap_indisplay8083:14.76508pt::14.76508pt::115.15259pt.
[507


]
l2hSize :tex2html_wrap_indisplay8085:8.0pt::8.0pt::63.40755pt.
[508


]
l2hSize :tex2html_wrap_indisplay8089:14.76508pt::14.76508pt::115.15259pt.
[509


]
l2hSize :tex2html_wrap_inline8093:8.0pt::8.0pt::33.91469pt.
[510


]
l2hSize :tex2html_wrap_inline8095:6.95831pt::6.95831pt::42.13988pt.
[511


]
l2hSize :tex2html_wrap_indisplay8097:8.0pt::8.0pt::192.0612pt.
[512


]
l2hSize :tex2html_wrap_indisplay8099:9.14003pt::9.14003pt::121.23541pt.
[513


]
l2hSize :tex2html_wrap_indisplay8101:8.93448pt::8.93448pt::63.77461pt.
[514


]
l2hSize :tex2html_wrap_indisplay8108:8.93448pt::8.93448pt::71.22754pt.
[515


]
l2hSize :tex2html_wrap_indisplay8112:13.70952pt::13.70952pt::53.60545pt.
[516


]
l2hSize :tex2html_wrap_indisplay8116:13.70952pt::13.70952pt::66.76106pt.
[517


]
l2hSize :tex2html_wrap_inline8118:8.43448pt::8.43448pt::46.87733pt.
[518


]
l2hSize :tex2html_wrap_indisplay8125:15.19955pt::15.19955pt::116.62729pt.
[519


]
l2hSize :tex2html_wrap_indisplay8129:13.70952pt::13.70952pt::163.55525pt.
[520


]
l2hSize :tex2html_wrap_indisplay8133:15.0001pt::15.0001pt::130.63443pt.
[521


]
l2hSize :tex2html_wrap_indisplay8137:13.70952pt::13.70952pt::66.76106pt.
[522


]
l2hSize :tex2html_wrap_indisplay8139:15.0001pt::15.0001pt::96.57498pt.
[523


]
l2hSize :tex2html_wrap_indisplay8146:15.0001pt::15.0001pt::83.41937pt.
[524


]
l2hSize :tex2html_wrap_indisplay8150:15.0001pt::15.0001pt::127.16377pt.
[525


]
l2hSize :tex2html_wrap_indisplay8154:9.14003pt::9.14003pt::41.1681pt.
[526


]
l2hSize :tex2html_wrap_indisplay8158:15.94458pt::15.94458pt::69.19534pt.
[527


]
l2hSize :tex2html_wrap_indisplay8162:9.14003pt::9.14003pt::37.04865pt.
[528


]
l2hSize :tex2html_wrap_indisplay8169:15.0001pt::15.0001pt::95.64151pt.
[529


]
l2hSize :tex2html_wrap_indisplay8173:15.0001pt::15.0001pt::119.20541pt.
[530


]
l2hSize :tex2html_wrap_indisplay8179:15.0001pt::15.0001pt::105.54724pt.
[531


]
l2hSize :tex2html_wrap_indisplay8186:15.0001pt::15.0001pt::92.39163pt.
[532


]
l2hSize :tex2html_wrap_indisplay8190:15.0001pt::15.0001pt::136.13603pt.
[533


]
l2hSize :tex2html_wrap_indisplay8194:8.0pt::8.0pt::77.48639pt.
[534


]
l2hSize :tex2html_wrap_indisplay8198:15.94458pt::15.94458pt::126.33353pt.
[535


]
l2hSize :tex2html_wrap_indisplay8202:14.76508pt::14.76508pt::92.69449pt.
[536


]
l2hSize :tex2html_wrap_indisplay8204:15.0001pt::15.0001pt::178.18303pt.
[537


]
l2hSize :tex2html_wrap_indisplay8206:15.0001pt::15.0001pt::127.97078pt.
[538


]
l2hSize :tex2html_wrap_indisplay8209:15.0001pt::15.0001pt::127.97078pt.
[539


]
l2hSize :tex2html_wrap_indisplay8213:21.00018pt::21.00018pt::134.67212pt.
[540


]
l2hSize :tex2html_wrap_indisplay8217:21.00018pt::21.00018pt::134.67212pt.
[541


]
l2hSize :tex2html_wrap_indisplay8221:21.00018pt::21.00018pt::134.67212pt.
[542


]
l2hSize :tex2html_wrap_indisplay8225:9.14003pt::9.14003pt::139.83357pt.
[543


]
l2hSize :tex2html_wrap_indisplay8229:15.19955pt::15.19955pt::138.86209pt.
[544


]
l2hSize :tex2html_wrap_inline8231:8.0pt::8.0pt::35.35065pt.
[545


]
l2hSize :tex2html_wrap_indisplay8233:15.94458pt::15.94458pt::105.23128pt.
[546


]
l2hSize :tex2html_wrap_indisplay8238:8.0pt::8.0pt::37.81393pt.
[547


]
l2hSize :tex2html_wrap_indisplay8242:8.0pt::8.0pt::56.65578pt.
[548


]
l2hSize :tex2html_wrap_indisplay8244:15.94458pt::15.94458pt::62.54668pt.
[549


]
l2hSize :tex2html_wrap_indisplay8248:14.76508pt::14.76508pt::23.18478pt.
[550


]
l2hSize :tex2html_wrap_indisplay8252:15.94458pt::15.94458pt::86.11145pt.
[551


]
l2hSize :tex2html_wrap_indisplay8261:14.76508pt::14.76508pt::53.83089pt.
[552


]
l2hSize :tex2html_wrap_indisplay8265:16.18178pt::16.18178pt::66.9143pt.
[553


]
l2hSize :tex2html_wrap_indisplay8269:16.41681pt::16.41681pt::63.66809pt.
[554


]
l2hSize :tex2html_wrap_indisplay8273:15.4051pt::15.4051pt::47.91386pt.
[555


]
l2hSize :tex2html_wrap_indisplay8287:16.42236pt::16.42236pt::152.70563pt.
[556


]
l2hSize :tex2html_wrap_indisplay8294:18.4833pt::18.4833pt::141.39809pt.
[557


]
l2hSize :tex2html_wrap_indisplay8298:18.4833pt::18.4833pt::213.93845pt.
[558


]
l2hSize :tex2html_wrap_indisplay8302:19.86662pt::19.86662pt::192.68167pt.
[559


]
l2hSize :tex2html_wrap_indisplay8306:19.86662pt::19.86662pt::175.7788pt.
[560


]
l2hSize :tex2html_wrap_indisplay8310:16.42236pt::16.42236pt::216.08061pt.
[561


]
l2hSize :tex2html_wrap_indisplay8314:16.42236pt::16.42236pt::111.0481pt.
[562


]
l2hSize :figure1753:6.83331pt::0.0pt::349.0pt.
[563


]
l2hSize :tex2html_wrap_inline8322:6.83331pt::0.0pt::26.06592pt.
[564


]
l2hSize :tex2html_wrap_indisplay8329:16.15013pt::16.15013pt::95.2369pt.
[565


]
l2hSize :tex2html_wrap_indisplay8333:16.15013pt::16.15013pt::186.4464pt.
[566


]
l2hSize :tex2html_wrap_indisplay8337:15.4051pt::15.4051pt::220.25125pt.
[567


]
l2hSize :tex2html_wrap_indisplay8341:15.4051pt::15.4051pt::135.84306pt.
[568


]
l2hSize :tex2html_wrap_inline8344:8.0pt::8.0pt::60.89316pt.
[569


]
l2hSize :displaymath8348:50.19984pt::0.0pt::349.0pt.
[570


]
l2hSize :tex2html_wrap_inline8352:6.95831pt::6.95831pt::26.93051pt.
[571


]
l2hSize :tex2html_wrap_inline8354:6.95831pt::6.95831pt::31.89696pt.
[572


]
l2hSize :tex2html_wrap_inline8356:6.95831pt::6.95831pt::26.93051pt.
[573


]
l2hSize :tex2html_wrap_inline8358:6.45831pt::0.0pt::5.78592pt.
[574


]
l2hSize :tex2html_wrap_inline8360:8.0pt::8.0pt::41.49042pt.
[575


]
l2hSize :tex2html_wrap_inline8362:6.95831pt::6.95831pt::8.59727pt.
[576


]
l2hSize :figure1805:6.83331pt::0.0pt::349.0pt.
[577


]
l2hSize :tex2html_wrap_indisplay8364:14.65291pt::14.65291pt::88.77852pt.
[578


]
l2hSize :tex2html_wrap_indisplay8367:14.65291pt::14.65291pt::70.44528pt.
[579


]
l2hSize :tex2html_wrap_indisplay8371:15.97237pt::15.97237pt::180.11183pt.
[580


]
l2hSize :tex2html_wrap_indisplay8375:13.70952pt::13.70952pt::47.63023pt.
[581


]
l2hSize :tex2html_wrap_indisplay8379:6.95831pt::6.95831pt::5.50005pt.
[582


]
l2hSize :tex2html_wrap_indisplay8385:8.0pt::8.0pt::109.31749pt.
[583


]
l2hSize :displaymath8387:37.00029pt::0.0pt::349.0pt.
[584


]
l2hSize :tex2html_wrap_indisplay8391:8.96227pt::8.96227pt::89.36601pt.
[585


]
l2hSize :tex2html_wrap_indisplay8393:13.70952pt::13.70952pt::221.41429pt.
[586


]
l2hSize :tex2html_wrap_indisplay8396:8.0pt::8.0pt::61.72095pt.
[587


]
l2hSize :tex2html_wrap_indisplay8400:13.70952pt::13.70952pt::200.56271pt.
[588


]
l2hSize :tex2html_wrap_indisplay8404:16.144pt::16.144pt::153.44463pt.
[589


]
l2hSize :tex2html_wrap_indisplay8408:15.22734pt::15.22734pt::86.40184pt.
[590


]
l2hSize :tex2html_wrap_indisplay8411:8.0pt::8.0pt::55.59514pt.
[591


]
l2hSize :tex2html_wrap_indisplay8415:12.00008pt::12.00008pt::81.35031pt.
[592


]
l2hSize :tex2html_wrap_indisplay8419:8.0pt::8.0pt::78.01697pt.
[593


]
l2hSize :tex2html_wrap_indisplay8423:26.08894pt::26.08894pt::104.36449pt.
[594


]
l2hSize :tex2html_wrap_indisplay8427:15.22734pt::15.22734pt::99.0172pt.
[595


]
l2hSize :tex2html_wrap_indisplay8431:8.96227pt::8.96227pt::22.60431pt.
[596


]
l2hSize :tex2html_wrap_inline8435:8.46227pt::8.46227pt::91.03264pt.
[597


]
l2hSize :tex2html_wrap_inline8437:8.0pt::8.0pt::53.609pt.
[598


]
l2hSize :tex2html_wrap_inline8439:8.0pt::8.0pt::16.71185pt.
[599


]
l2hSize :tex2html_wrap_inline8445:8.0pt::8.0pt::56.89034pt.
[600


]
l2hSize :tex2html_wrap_indisplay8447:9.14003pt::9.14003pt::94.31776pt.
[601


]
l2hSize :tex2html_wrap_inline8452:8.0pt::8.0pt::20.24312pt.
[602


]
l2hSize :tex2html_wrap_inline8454:8.0pt::8.0pt::50.08328pt.
[603


]
l2hSize :tex2html_wrap_indisplay8458:14.65291pt::14.65291pt::62.764pt.
[604


]
l2hSize :figure1906:6.83331pt::0.0pt::349.0pt.
[605


]
l2hSize :tex2html_wrap_inline8460:6.95831pt::6.95831pt::24.54854pt.
[606


]
l2hSize :tex2html_wrap_indisplay8462:8.0pt::8.0pt::76.25685pt.
[607


]
l2hSize :tex2html_wrap_indisplay8465:8.0pt::8.0pt::20.24312pt.
[608


]
l2hSize :tex2html_wrap_indisplay8473:24.87784pt::24.87784pt::109.03271pt.
[609


]
l2hSize :tex2html_wrap_indisplay8477:13.70952pt::13.70952pt::45.58054pt.
[610


]
l2hSize :tex2html_wrap_inline8479:9.00005pt::9.00005pt::23.96951pt.
[611


]
l2hSize :tex2html_wrap_indisplay8482:15.0001pt::15.0001pt::30.53897pt.
[612


]
l2hSize :tex2html_wrap_indisplay8486:15.58882pt::15.58882pt::61.7126pt.
[613


]
l2hSize :tex2html_wrap_indisplay8490:14.65291pt::14.65291pt::52.02216pt.
[614


]
l2hSize :tex2html_wrap_indisplay8494:8.99092pt::8.99092pt::14.89244pt.
[615


]
l2hSize :tex2html_wrap_inline8498:6.95831pt::6.95831pt::49.41997pt.
[616


]
l2hSize :tex2html_wrap_inline8500:6.95831pt::6.95831pt::50.39107pt.
[617


]
l2hSize :tex2html_wrap_indisplay8502:8.0pt::8.0pt::187.22517pt.
[618


]
l2hSize :tex2html_wrap_inline8504:8.0pt::8.0pt::59.8657pt.
[619


]
l2hSize :tex2html_wrap_inline8506:9.00005pt::9.00005pt::23.96951pt.
[620


]
l2hSize :tex2html_wrap_inline8508:9.00005pt::9.00005pt::23.96951pt.
[621


]
l2hSize :tex2html_wrap_inline8510:9.00005pt::9.00005pt::31.74731pt.
[622


]
l2hSize :tex2html_wrap_indisplay8515:15.0001pt::15.0001pt::30.53897pt.
[623


]
l2hSize :tex2html_wrap_indisplay8519:15.0001pt::15.0001pt::47.76112pt.
[624


]
l2hSize :tex2html_wrap_indisplay8523:15.0001pt::15.0001pt::37.93898pt.
[625


]
l2hSize :tex2html_wrap_indisplay8527:15.26779pt::15.26779pt::17.29243pt.
[626


]
l2hSize :tex2html_wrap_indisplay8532:15.0001pt::15.0001pt::30.53897pt.
[627


]
l2hSize :tex2html_wrap_indisplay8536:15.0001pt::15.0001pt::47.76112pt.
[628


]
l2hSize :tex2html_wrap_indisplay8540:15.0001pt::15.0001pt::37.93898pt.
[629


]
l2hSize :tex2html_wrap_indisplay8544:15.26779pt::15.26779pt::24.69244pt.
[630


]
l2hSize :tex2html_wrap_indisplay8548:15.26779pt::15.26779pt::22.29245pt.
[631


]
l2hSize :tex2html_wrap_indisplay8557:15.0001pt::15.0001pt::55.53893pt.
[632


]
l2hSize :tex2html_wrap_indisplay8563:15.0001pt::15.0001pt::53.49458pt.
[633


]
l2hSize :tex2html_wrap_indisplay8565:15.0001pt::15.0001pt::78.82022pt.
[634


]
l2hSize :tex2html_wrap_indisplay8567:16.15013pt::16.15013pt::134.0543pt.
[635


]
l2hSize :tex2html_wrap_inline8569:8.0pt::8.0pt::29.88313pt.
[636


]
l2hSize :tex2html_wrap_inline8573:6.95831pt::6.95831pt::24.09486pt.
[637


]
l2hSize :tex2html_wrap_inline8575:8.0pt::8.0pt::72.59946pt.
[638


]
l2hSize :tex2html_wrap_indisplay8581:16.47911pt::16.47911pt::192.31758pt.
[639


]
l2hSize :tex2html_wrap_indisplay8587:15.4051pt::15.4051pt::118.66267pt.
[640


]
l2hSize :tex2html_wrap_indisplay8593:14.76508pt::14.76508pt::84.64885pt.
[641


]
l2hSize :tex2html_wrap_indisplay8596:8.0pt::8.0pt::29.88313pt.
[642


]
l2hSize :tex2html_wrap_indisplay8600:16.15013pt::16.15013pt::91.33798pt.
[643


]
l2hSize :tex2html_wrap_indisplay8604:18.21107pt::18.21107pt::202.48143pt.
[644


]
l2hSize :tex2html_wrap_indisplay8608:16.88902pt::16.88902pt::206.70836pt.
[645


]
l2hSize :tex2html_wrap_indisplay8610:6.95831pt::6.95831pt::81.37463pt.
[646


]
l2hSize :tex2html_wrap_indisplay8612:6.95831pt::6.95831pt::80.46729pt.
[647


]
l2hSize :tex2html_wrap_inline8614:6.95831pt::6.95831pt::40.3911pt.
[648


]
l2hSize :tex2html_wrap_indisplay8621:18.21107pt::18.21107pt::91.33798pt.
[649


]
l2hSize :tex2html_wrap_indisplay8625:16.15013pt::16.15013pt::95.56491pt.
[650


]
l2hSize :tex2html_wrap_indisplay8629:8.0pt::8.0pt::29.88313pt.
[651


]
l2hSize :tex2html_wrap_indisplay8631:9.14003pt::9.14003pt::168.2028pt.
[652


]
l2hSize :tex2html_wrap_indisplay8638:19.86662pt::19.86662pt::91.33798pt.
[653


]
l2hSize :tex2html_wrap_indisplay8642:16.47911pt::16.47911pt::237.01363pt.
[654


]
l2hSize :tex2html_wrap_indisplay8646:16.47911pt::16.47911pt::149.60126pt.
[655


]
l2hSize :tex2html_wrap_indisplay8648:14.20952pt::14.20952pt::118.10638pt.
[656


]
l2hSize :tex2html_wrap_indisplay8659:17.03902pt::17.03902pt::200.18622pt.
[657


]
l2hSize :tex2html_wrap_indisplay8663:15.4051pt::15.4051pt::80.17328pt.
[658


]
l2hSize :tex2html_wrap_indisplay8667:15.4051pt::15.4051pt::64.95209pt.
[659


]
l2hSize :tex2html_wrap_indisplay8674:8.0pt::8.0pt::28.9063pt.
[660


]
l2hSize :tex2html_wrap_indisplay8678:14.76508pt::14.76508pt::40.95569pt.
[661


]
l2hSize :tex2html_wrap_indisplay8682:13.70952pt::13.70952pt::17.90007pt.
[662


]
l2hSize :tex2html_wrap_indisplay8686:13.70952pt::13.70952pt::12.90005pt.
[663


]
l2hSize :tex2html_wrap_inline8690:6.94444pt::0.0pt::9.28017pt.
[664


]
l2hSize :tex2html_wrap_inline8692:6.94444pt::0.0pt::13.27785pt.
[665


]
l2hSize :tex2html_wrap_inline8694:9.57217pt::9.57217pt::54.77457pt.
[666


]
l2hSize :tex2html_wrap_indisplay8700:16.97217pt::16.97217pt::92.80247pt.
[667


]
l2hSize :tex2html_wrap_indisplay8704:10.06036pt::10.06036pt::104.27563pt.
[668


]
l2hSize :tex2html_wrap_inline8708:6.6428pt::0.0pt::9.14587pt.
[669


]
l2hSize :tex2html_wrap_indisplay8712:14.76508pt::14.76508pt::78.74161pt.
[670


]
l2hSize :tex2html_wrap_inline8714:6.45831pt::0.0pt::27.85645pt.
[671


]
l2hSize :tex2html_wrap_indisplay8717:8.0pt::8.0pt::26.04315pt.
[672


]
l2hSize :tex2html_wrap_indisplay8721:14.65291pt::14.65291pt::56.30219pt.
[673


]
l2hSize :tex2html_wrap_indisplay8725:14.65291pt::14.65291pt::91.64969pt.
[674


]
l2hSize :tex2html_wrap_indisplay8729:14.65291pt::14.65291pt::82.3759pt.
[675


]
l2hSize :tex2html_wrap_indisplay8733:14.76508pt::14.76508pt::39.86526pt.
[676


]
l2hSize :tex2html_wrap_indisplay8744:16.29677pt::16.29677pt::23.31396pt.
[677


]
l2hSize :tex2html_wrap_indisplay8748:15.94382pt::15.94382pt::18.95909pt.
[678


]
l2hSize :tex2html_wrap_indisplay8750:15.0001pt::15.0001pt::56.70694pt.
[679


]
l2hSize :tex2html_wrap_indisplay8757:15.0001pt::15.0001pt::51.64803pt.
[680


]
l2hSize :tex2html_wrap_indisplay8761:15.4051pt::15.4051pt::20.90355pt.
[681


]
l2hSize :tex2html_wrap_inline8763:8.0pt::8.0pt::40.48412pt.
[682


]
l2hSize :tex2html_wrap_inline8765:8.0pt::8.0pt::21.92021pt.
[683


]
l2hSize :tex2html_wrap_indisplay8767:15.4051pt::15.4051pt::166.59209pt.
[684


]
l2hSize :tex2html_wrap_indisplay8770:8.0pt::8.0pt::40.48412pt.
[685


]
l2hSize :tex2html_wrap_indisplay8774:14.20952pt::14.20952pt::168.95955pt.
[686


]
l2hSize :tex2html_wrap_indisplay8778:15.0001pt::15.0001pt::185.37581pt.
[687


]
l2hSize :tex2html_wrap_indisplay8782:18.00014pt::18.00014pt::88.01541pt.
[688


]
l2hSize :tex2html_wrap_indisplay8786:13.70952pt::13.70952pt::37.62917pt.
[689


]
l2hSize :tex2html_wrap_indisplay8788:13.70952pt::13.70952pt::199.71034pt.
[690


]
l2hSize :tex2html_wrap_inline8790:8.0pt::8.0pt::30.10411pt.
[691


]
l2hSize :displaymath8798:43.00037pt::0.0pt::349.0pt.
[692


]
l2hSize :tex2html_wrap_indisplay8801:9.14003pt::9.14003pt::80.1319pt.
[693


]
l2hSize :tex2html_wrap_indisplay8805:8.96227pt::8.96227pt::20.60811pt.
[694


]
l2hSize :tex2html_wrap_indisplay8811:15.22734pt::15.22734pt::51.20546pt.
[695


]
l2hSize :tex2html_wrap_indisplay8817:15.22734pt::15.22734pt::54.29576pt.
[696


]
l2hSize :tex2html_wrap_indisplay8819:9.87892pt::9.87892pt::148.17052pt.
[697


]
l2hSize :figure2237:6.83331pt::0.0pt::349.0pt.
[698


]
l2hSize :displaymath8823:43.00037pt::0.0pt::349.0pt.
[699


]
l2hSize :displaymath8827:37.00029pt::0.0pt::349.0pt.
[700


]
l2hSize :tex2html_wrap_indisplay8833:8.0pt::8.0pt::320.54333pt.
[701


]
l2hSize :tex2html_wrap_indisplay8836:9.14003pt::9.14003pt::149.60406pt.
[702


]
l2hSize :tex2html_wrap_indisplay8840:15.22734pt::15.22734pt::80.31375pt.
[703


]
l2hSize :tex2html_wrap_indisplay8842:9.14003pt::9.14003pt::64.2639pt.
[704


]
l2hSize :tex2html_wrap_indisplay8846:15.22734pt::15.22734pt::97.5359pt.
[705


]
l2hSize :tex2html_wrap_indisplay8848:8.0pt::8.0pt::22.03476pt.
[706


]
l2hSize :tex2html_wrap_indisplay8852:15.22734pt::15.22734pt::150.85954pt.
[707


]
l2hSize :tex2html_wrap_indisplay8854:13.70952pt::13.70952pt::269.48445pt.
[708


]
l2hSize :tex2html_wrap_inline8856:8.0pt::8.0pt::17.60422pt.
[709


]
l2hSize :figure2275:6.83331pt::0.0pt::349.0pt.
[710


]
l2hSize :displaymath8858:43.00037pt::0.0pt::349.0pt.
[711


]
l2hSize :tex2html_wrap_indisplay8861:8.51782pt::8.51782pt::116.55972pt.
[712


]
l2hSize :tex2html_wrap_indisplay8866:10.55673pt::10.55673pt::227.78468pt.
[713


]
l2hSize :tex2html_wrap_indisplay8871:14.76508pt::14.76508pt::70.17143pt.
[714


]
l2hSize :tex2html_wrap_indisplay8876:13.70952pt::13.70952pt::217.07632pt.
[715


]
l2hSize :tex2html_wrap_indisplay8878:8.0pt::8.0pt::61.23152pt.
[716


]
l2hSize :tex2html_wrap_inline8882:8.0pt::8.0pt::95.00333pt.
[717


]
l2hSize :tex2html_wrap_inline8884:8.0pt::8.0pt::61.90398pt.
[718


]
l2hSize :tex2html_wrap_inline8890:6.45831pt::0.0pt::22.44438pt.
[719


]
l2hSize :tex2html_wrap_inline8892:6.45831pt::0.0pt::22.44438pt.
[720


]
l2hSize :tex2html_wrap_inline8896:6.45831pt::0.0pt::22.44438pt.
[721


]
l2hSize :tex2html_wrap_indisplay8898:7.44444pt::7.44444pt::120.68011pt.
[722


]
l2hSize :displaymath8900:43.00037pt::0.0pt::349.0pt.
[723


]
l2hSize :tex2html_wrap_indisplay8903:9.14003pt::9.14003pt::223.04842pt.
[724


]
l2hSize :tex2html_wrap_indisplay8907:15.4051pt::15.4051pt::71.23346pt.
[725


]
l2hSize :tex2html_wrap_indisplay8909:10.03891pt::10.03891pt::57.87497pt.
[726


]
l2hSize :tex2html_wrap_indisplay8913:6.95831pt::6.95831pt::27.4097pt.
[727


]
l2hSize :tex2html_wrap_indisplay8917:15.4051pt::15.4051pt::63.45566pt.
[728


]
l2hSize :tex2html_wrap_indisplay8923:15.4051pt::15.4051pt::85.86932pt.
[729


]
l2hSize :tex2html_wrap_indisplay8927:15.4051pt::15.4051pt::43.42773pt.
[730


]
l2hSize :tex2html_wrap_inline8929:6.95831pt::6.95831pt::13.27785pt.
[731


]
l2hSize :tex2html_wrap_inline8931:8.0pt::8.0pt::37.32635pt.
[732


]
l2hSize :tex2html_wrap_indisplay8938:15.4051pt::15.4051pt::122.40111pt.
[733


]
l2hSize :tex2html_wrap_indisplay8942:15.4051pt::15.4051pt::82.21661pt.
[734


]
l2hSize :tex2html_wrap_indisplay8945:8.0pt::8.0pt::17.60422pt.
[735


]
l2hSize :tex2html_wrap_indisplay8949:9.87892pt::9.87892pt::271.48613pt.
[736


]
l2hSize :tex2html_wrap_indisplay8953:9.87892pt::9.87892pt::133.96877pt.
[737


]
l2hSize :tex2html_wrap_inline8955:8.0pt::8.0pt::70.10423pt.
[738


]
l2hSize :figure2351:6.83331pt::0.0pt::349.0pt.
[739


]
l2hSize :tex2html_wrap_indisplay8961:15.94458pt::15.94458pt::144.55899pt.
[740


]
l2hSize :tex2html_wrap_inline8965:8.0pt::8.0pt::31.04517pt.
[741


]
l2hSize :tex2html_wrap_inline8969:6.45831pt::0.0pt::6.93407pt.
[742


]
l2hSize :tex2html_wrap_inline8973:8.0pt::8.0pt::36.18053pt.
[743


]
l2hSize :tex2html_wrap_indisplay8975:15.94458pt::15.94458pt::111.20486pt.
[744


]
l2hSize :tex2html_wrap_indisplay8977:15.94458pt::15.94458pt::150.32516pt.
[745


]
l2hSize :tex2html_wrap_indisplay8984:15.94458pt::15.94458pt::158.42532pt.
[746


]
l2hSize :tex2html_wrap_indisplay8986:8.0pt::8.0pt::20.78479pt.
[747


]
l2hSize :tex2html_wrap_indisplay8990:14.76508pt::14.76508pt::53.09157pt.
[748


]
l2hSize :tex2html_wrap_indisplay8992:15.0001pt::15.0001pt::83.19164pt.
[749


]
l2hSize :tex2html_wrap_indisplay8996:13.70952pt::13.70952pt::12.07365pt.
[750


]
l2hSize :tex2html_wrap_indisplay9002:15.4051pt::15.4051pt::46.24724pt.
[751


]
l2hSize :tex2html_wrap_indisplay9008:13.70952pt::13.70952pt::53.09157pt.
[752


]
l2hSize :tex2html_wrap_indisplay9015:15.0001pt::15.0001pt::87.39162pt.
[753


]
l2hSize :tex2html_wrap_indisplay9019:15.0001pt::15.0001pt::105.21939pt.
[754


]
l2hSize :tex2html_wrap_indisplay9023:13.70952pt::13.70952pt::57.48915pt.
[755


]
l2hSize :tex2html_wrap_inline9029:9.29842pt::9.29842pt::16.88931pt.
[756


]
l2hSize :tex2html_wrap_inline9031:6.83331pt::0.0pt::11.61531pt.
[757


]
l2hSize :tex2html_wrap_inline9033:7.97496pt::7.97496pt::6.81636pt.
[758


]
l2hSize :tex2html_wrap_indisplay9035:15.94458pt::15.94458pt::117.42886pt.
[759


]
l2hSize :tex2html_wrap_indisplay9037:15.94458pt::15.94458pt::52.1889pt.
[760


]
l2hSize :tex2html_wrap_inline9039:8.0pt::8.0pt::15.33408pt.
[761


]
l2hSize :tex2html_wrap_inline9045:6.83331pt::0.0pt::8.36252pt.
[762


]
l2hSize :figure2408:6.83331pt::0.0pt::349.0pt.
[763


]
l2hSize :tex2html_wrap_indisplay9049:15.94458pt::15.94458pt::105.77pt.
[764


]
l2hSize :tex2html_wrap_inline9053:6.83331pt::0.0pt::7.72226pt.
[765


]
l2hSize :tex2html_wrap_inline9055:8.14003pt::0.0pt::21.2362pt.
[766


]
l2hSize :tex2html_wrap_inline9057:8.0pt::8.0pt::35.05621pt.
[767


]
l2hSize :figure2419:6.83331pt::0.0pt::349.0pt.
[768


]
l2hSize :tex2html_wrap_inline9061:6.95831pt::6.95831pt::22.44438pt.
[769


]
l2hSize :tex2html_wrap_indisplay9063:8.0pt::8.0pt::120.36098pt.
[770


]
l2hSize :tex2html_wrap_indisplay9065:15.94458pt::15.94458pt::226.8081pt.
[771


]
l2hSize :tex2html_wrap_indisplay9068:14.76508pt::14.76508pt::155.81453pt.
[772


]
l2hSize :tex2html_wrap_indisplay9072:15.22734pt::15.22734pt::103.06808pt.
[773


]
l2hSize :tex2html_wrap_indisplay9074:9.14003pt::9.14003pt::131.74309pt.
[774


]
l2hSize :tex2html_wrap_indisplay9078:15.22734pt::15.22734pt::112.7556pt.
[775


]
l2hSize :tex2html_wrap_indisplay9080:10.03891pt::10.03891pt::63.98611pt.
[776


]
l2hSize :tex2html_wrap_indisplay9084:15.22734pt::15.22734pt::101.49449pt.
[777


]
l2hSize :tex2html_wrap_indisplay9086:15.22734pt::15.22734pt::241.40817pt.
[778


]
l2hSize :tex2html_wrap_indisplay9089:8.0pt::8.0pt::18.14587pt.
[779


]
l2hSize :tex2html_wrap_indisplay9093:15.0001pt::15.0001pt::140.5429pt.
[780


]
l2hSize :tex2html_wrap_indisplay9097:15.22734pt::15.22734pt::190.76508pt.
[781


]
l2hSize :tex2html_wrap_indisplay9100:8.0pt::8.0pt::15.33408pt.
[782


]
l2hSize :tex2html_wrap_indisplay9104:13.70952pt::13.70952pt::193.64293pt.
[783


]
l2hSize :tex2html_wrap_indisplay9108:9.87892pt::9.87892pt::178.32657pt.
[784


]
l2hSize :tex2html_wrap_indisplay9112:14.20952pt::14.20952pt::13.82016pt.
[785


]
l2hSize :tex2html_wrap_indisplay9116:6.95831pt::6.95831pt::33.69907pt.
[786


]
l2hSize :tex2html_wrap_indisplay9118:14.20952pt::14.20952pt::13.36649pt.
[787


]
l2hSize :tex2html_wrap_indisplay9122:6.95831pt::6.95831pt::28.69905pt.
[788


]
l2hSize :tex2html_wrap_inline9124:8.0pt::8.0pt::37.32635pt.
[789


]
l2hSize :tex2html_wrap_inline9126:8.0pt::8.0pt::36.87268pt.
[790


]
l2hSize :tex2html_wrap_inline9128:8.0pt::8.0pt::69.36945pt.
[791


]
l2hSize :tex2html_wrap_indisplay9133:8.0pt::8.0pt::43.94441pt.
[792


]
l2hSize :tex2html_wrap_indisplay9137:8.0pt::8.0pt::64.75002pt.
[793


]
l2hSize :tex2html_wrap_indisplay9139:8.0pt::8.0pt::42.90277pt.
[794


]
l2hSize :tex2html_wrap_indisplay9143:8.0pt::8.0pt::59.75pt.
[795


]
l2hSize :tex2html_wrap_indisplay9146:8.0pt::8.0pt::91.10408pt.
[796


]
l2hSize :tex2html_wrap_indisplay9150:6.95831pt::6.95831pt::5.50005pt.
[797


]
l2hSize :tex2html_wrap_indisplay9152:8.0pt::8.0pt::91.10408pt.
[798


]
l2hSize :tex2html_wrap_indisplay9156:6.95831pt::6.95831pt::5.50005pt.
[799


]
l2hSize :displaymath9158:57.80035pt::0.0pt::349.0pt.
[800


]
l2hSize :displaymath9160:51.80035pt::0.0pt::349.0pt.
[801


]
l2hSize :tex2html_wrap_indisplay9162:9.14003pt::9.14003pt::142.25134pt.
[802


]
l2hSize :tex2html_wrap_indisplay9164:9.14003pt::9.14003pt::130.01988pt.
[803


]
l2hSize :tex2html_wrap_inline9166:7.09525pt::7.09525pt::8.43129pt.
[804


]
l2hSize :tex2html_wrap_inline9168:7.09525pt::7.09525pt::8.43129pt.
[805


]
l2hSize :figure2534:6.83331pt::0.0pt::349.0pt.
[806


]
l2hSize :tex2html_wrap_indisplay9170:14.20952pt::14.20952pt::143.82344pt.
[807


]
l2hSize :tex2html_wrap_indisplay9172:14.20952pt::14.20952pt::122.41231pt.
[808


]
l2hSize :tex2html_wrap_indisplay9175:14.20952pt::14.20952pt::111.87906pt.
[809


]
l2hSize :tex2html_wrap_indisplay9180:14.20952pt::14.20952pt::76.343pt.
[810


]
l2hSize :tex2html_wrap_indisplay9184:6.95831pt::6.95831pt::10.50006pt.
[811


]
l2hSize :tex2html_wrap_inline9186:8.0pt::8.0pt::73.58464pt.
[812


]
l2hSize :tex2html_wrap_indisplay9189:8.0pt::8.0pt::101.29288pt.
[813


]
l2hSize :tex2html_wrap_indisplay9194:8.0pt::8.0pt::74.93881pt.
[814


]
l2hSize :tex2html_wrap_indisplay9198:13.70952pt::13.70952pt::12.90005pt.
[815


]
l2hSize :tex2html_wrap_inline9200:7.09525pt::7.09525pt::34.69579pt.
[816


]
l2hSize :tex2html_wrap_indisplay9202:13.70952pt::13.70952pt::137.47116pt.
[817


]
l2hSize :tex2html_wrap_indisplay9204:10.53845pt::10.53845pt::73.80583pt.
[818


]
l2hSize :tex2html_wrap_indisplay9206:10.53845pt::10.53845pt::105.07034pt.
[819


]
l2hSize :tex2html_wrap_indisplay9208:12.00008pt::12.00008pt::152.12651pt.
[820


] (./images.aux) ) 
Here is how much of TeX's memory you used:
 1876 strings out of 95847
 21951 string characters out of 1195949
 75828 words of memory out of 1000001
 4835 multiletter control sequences out of 10000+50000
 4094 words of font info for 16 fonts, out of 500000 for 1000
 14 hyphenation exceptions out of 1000
 27i,13n,25p,650b,237s stack positions out of 1500i,500n,5000p,200000b,5000s

Output written on images.dvi (820 pages, 240988 bytes).
