\BOOKMARK [0][-]{Doc-Start}{ azulFProl\363go \040}{}% 1
\BOOKMARK [1][-]{section.0\c@section }{Requisitos para compilar}{Doc-Start}% 2
\BOOKMARK [1][-]{section.0\c@section }{Dimensiones}{Doc-Start}% 3
\BOOKMARK [1][-]{section.0\c@section }{Plantilla general}{Doc-Start}% 4
\BOOKMARK [1][-]{section.0\c@section }{Entornos}{Doc-Start}% 5
\BOOKMARK [1][-]{section.0\c@section }{Paquetes habilitados en esta plantilla}{Doc-Start}% 6
\BOOKMARK [1][-]{section.0\c@section }{Entornos sin cajas}{Doc-Start}% 7
\BOOKMARK [1][-]{section.0\c@section }{Entornos con cajas}{Doc-Start}% 8
\BOOKMARK [1][-]{section.0\c@section }{Cambiar los colores en el pre\341mbulo}{Doc-Start}% 9
\BOOKMARK [1][-]{section.0\c@section }{Cajas y cajas simples}{Doc-Start}% 10
\BOOKMARK [1][-]{section.0\c@section }{Notas y vocabulario}{Doc-Start}% 11
\BOOKMARK [1][-]{section.0\c@section }{Listas de enumeraci\363n adicionales}{Doc-Start}% 12
\BOOKMARK [1][-]{section.0\c@section }{C\363digo de programas en color}{Doc-Start}% 13
\BOOKMARK [1][-]{section.0\c@section }{El entorno tabular}{Doc-Start}% 14
\BOOKMARK [1][-]{section.0\c@section }{Tablas con el paquete TIKZ}{Doc-Start}% 15
\BOOKMARK [2][-]{subsection.0\c@section .0\c@subsection }{Tablas con tcolorbox y tabularx}{section.0\c@section }% 16
\BOOKMARK [1][-]{section.0\c@section }{Gr\341ficos}{Doc-Start}% 17
\BOOKMARK [1][-]{section.0\c@section }{Listas de ejercicios}{Doc-Start}% 18
\BOOKMARK [1][-]{section.0\c@section }{Caja para listas de ejercicios}{Doc-Start}% 19
\BOOKMARK [1][-]{section.0\c@section }{Entorno bibliograf\355a}{Doc-Start}% 20
\BOOKMARK [1][-]{lstnumber.-39.12}{azulF Bibliograf\355a}{Doc-Start}% 21
\BOOKMARK [1][-]{lstnumber.-39.12}{Soluciones del Cap\355tulo 4}{Doc-Start}% 22
