\BOOKMARK [0][-]{chapter.1}{C\363mo usar la plantilla "D"}{}% 1
\BOOKMARK [1][-]{section.1.1}{Requisitos para compilar}{chapter.1}% 2
\BOOKMARK [1][-]{section.1.2}{Plantilla general}{chapter.1}% 3
\BOOKMARK [1][-]{section.1.3}{Entornos}{chapter.1}% 4
\BOOKMARK [1][-]{section.1.4}{Dimensiones}{chapter.1}% 5
\BOOKMARK [1][-]{section.1.5}{Paquetes habilitados en esta plantilla}{chapter.1}% 6
\BOOKMARK [1][-]{section.1.6}{Las fotos}{chapter.1}% 7
\BOOKMARK [0][-]{chapter.2}{Entornos}{}% 8
\BOOKMARK [1][-]{subsection.2.0.1}{Definiciones}{chapter.2}% 9
\BOOKMARK [2][-]{subsection.2.0.2}{Ejemplos}{subsection.2.0.1}% 10
\BOOKMARK [2][-]{subsection.2.0.3}{Teoremas}{subsection.2.0.1}% 11
\BOOKMARK [2][-]{subsection.2.0.4}{Corolarios}{subsection.2.0.1}% 12
\BOOKMARK [2][-]{subsection.2.0.5}{Lemas}{subsection.2.0.1}% 13
\BOOKMARK [2][-]{subsection.2.0.6}{Proposici\363n}{subsection.2.0.1}% 14
\BOOKMARK [1][-]{section.2.1}{Cambiar los colores en el pre\341mbulo}{chapter.2}% 15
\BOOKMARK [0][-]{chapter.3}{Otros entornos}{}% 16
\BOOKMARK [1][-]{section.3.1}{Cajas y cajas simples}{chapter.3}% 17
\BOOKMARK [1][-]{section.3.2}{Notas y vocabulario}{chapter.3}% 18
\BOOKMARK [0][-]{chapter.4}{Cosas de edici\363n habilitadas}{}% 19
\BOOKMARK [1][-]{section.4.1}{Comillas}{chapter.4}% 20
\BOOKMARK [1][-]{section.4.2}{Listas de enumeraci\363n adicionales}{chapter.4}% 21
\BOOKMARK [1][-]{section.4.3}{C\363digo de programas en color}{chapter.4}% 22
\BOOKMARK [1][-]{section.4.4}{El entorno tabular}{chapter.4}% 23
\BOOKMARK [1][-]{section.4.5}{Tablas con el paquete TIKZ}{chapter.4}% 24
\BOOKMARK [2][-]{subsection.4.5.1}{Tablas con tcolorbox y tabularx}{section.4.5}% 25
\BOOKMARK [1][-]{section.4.6}{Gr\341ficos}{chapter.4}% 26
\BOOKMARK [0][-]{chapter.5}{Listas de ejercicios}{}% 27
\BOOKMARK [1][-]{section.5.1}{Listas de ejercicios}{chapter.5}% 28
\BOOKMARK [1][-]{section.5.2}{Caja para listas de ejercicios}{chapter.5}% 29
\BOOKMARK [1][-]{section.5.3}{Ejercicios aislados y problemas}{chapter.5}% 30
\BOOKMARK [2][-]{subsection.5.3.1}{Una subsecci\363n}{section.5.3}% 31
\BOOKMARK [1][-]{lstnumber.-37.16}{azulF Bibliograf\355a}{chapter.5}% 32
